<?xml version="1.0" encoding="UTF-8"?>
<!-- Generated by org.testng.reporters.JUnitXMLReporter -->
<testsuite ignored="0" hostname="DESKTOP-R70CA4D" failures="0" tests="4" name="Default test" time="2.446" errors="0" timestamp="2021-12-13T19:19:27 IST">
  <testcase classname="com.axess.ai.automation.testcases.LoginPageTest" name="@BeforeTest setup" time="2.314">
    <failure type="java.lang.NullPointerException" message="Cannot invoke &amp;quot;String.equals(Object)&amp;quot; because &amp;quot;browserName&amp;quot; is null">
      <![CDATA[java.lang.NullPointerException: Cannot invoke "String.equals(Object)" because "browserName" is null
at com.axess.ai.automation.utilities.ListenersApp.launchBrowser(ListenersApp.java:83)
at com.axess.ai.automation.testcases.LoginPageTest.setup(LoginPageTest.java:24)
at java.base/jdk.internal.reflect.NativeMethodAccessorImpl.invoke0(Native Method)
at java.base/jdk.internal.reflect.NativeMethodAccessorImpl.invoke(NativeMethodAccessorImpl.java:78)
at java.base/jdk.internal.reflect.DelegatingMethodAccessorImpl.invoke(DelegatingMethodAccessorImpl.java:43)
at java.base/java.lang.reflect.Method.invoke(Method.java:567)
at org.testng.internal.MethodInvocationHelper.invokeMethod(MethodInvocationHelper.java:133)
at org.testng.internal.MethodInvocationHelper.invokeMethodConsideringTimeout(MethodInvocationHelper.java:62)
at org.testng.internal.ConfigInvoker.invokeConfigurationMethod(ConfigInvoker.java:385)
at org.testng.internal.ConfigInvoker.invokeConfigurations(ConfigInvoker.java:321)
at org.testng.TestRunner.invokeTestConfigurations(TestRunner.java:637)
at org.testng.TestRunner.beforeRun(TestRunner.java:627)
at org.testng.TestRunner.run(TestRunner.java:589)
at org.testng.SuiteRunner.runTest(SuiteRunner.java:377)
at org.testng.SuiteRunner.runSequentially(SuiteRunner.java:371)
at org.testng.SuiteRunner.privateRun(SuiteRunner.java:332)
at org.testng.SuiteRunner.run(SuiteRunner.java:276)
at org.testng.SuiteRunnerWorker.runSuite(SuiteRunnerWorker.java:53)
at org.testng.SuiteRunnerWorker.run(SuiteRunnerWorker.java:96)
at org.testng.TestNG.runSuitesSequentially(TestNG.java:1212)
at org.testng.TestNG.runSuitesLocally(TestNG.java:1134)
at org.testng.TestNG.runSuites(TestNG.java:1063)
at org.testng.TestNG.run(TestNG.java:1031)
at org.testng.remote.AbstractRemoteTestNG.run(AbstractRemoteTestNG.java:115)
at org.testng.remote.RemoteTestNG.initAndRun(RemoteTestNG.java:251)
at org.testng.remote.RemoteTestNG.main(RemoteTestNG.java:77)
]]>
    </failure>
  </testcase> <!-- @BeforeTest setup -->
  <testcase classname="com.axess.ai.automation.testcases.LoginPageTest" name="@AfterTest tearDown" time="-1.639403367343E9">
    <skipped/>
  </testcase> <!-- @AfterTest tearDown -->
  <testcase classname="com.axess.ai.automation.testcases.LoginPageTest" name="validateUrl" time="0.0">
    <skipped/>
  </testcase> <!-- validateUrl -->
  <testcase classname="com.axess.ai.automation.testcases.LoginPageTest" name="loginwithcredentials" time="0.0">
    <skipped/>
  </testcase> <!-- loginwithcredentials -->
  <testcase classname="com.axess.ai.automation.testcases.LoginPageTest" name="validateclickOnLogin" time="0.0">
    <skipped/>
  </testcase> <!-- validateclickOnLogin -->
  <testcase classname="com.axess.ai.automation.testcases.LoginPageTest" name="validateTitle" time="0.0">
    <skipped/>
  </testcase> <!-- validateTitle -->
</testsuite> <!-- Default test -->
