<?xml version="1.0" encoding="UTF-8"?>
<!-- Generated by org.testng.reporters.JUnitXMLReporter -->
<testsuite ignored="0" hostname="DESKTOP-R70CA4D" failures="1" tests="13" name="Test Templates" time="621.331" errors="0" timestamp="2021-12-14T20:06:28 IST">
  <testcase classname="com.axess.ai.automation.testcases.TemplatesPageTest" name="validateTemplates" time="15.456"/>
  <testcase classname="com.axess.ai.automation.testcases.TemplatesPageTest" name="validateCurrentUrl" time="3.033"/>
  <testcase classname="com.axess.ai.automation.testcases.TemplatesPageTest" name="validatePageHeading" time="3.076"/>
  <testcase classname="com.axess.ai.automation.testcases.TemplatesPageTest" name="validateEventField" time="66.023"/>
  <testcase classname="com.axess.ai.automation.testcases.TemplatesPageTest" name="validateEventTemplate" time="70.704"/>
  <testcase classname="com.axess.ai.automation.testcases.TemplatesPageTest" name="validateSettingField" time="70.314"/>
  <testcase classname="com.axess.ai.automation.testcases.TemplatesPageTest" name="validateSettingTemplate" time="67.957"/>
  <testcase classname="com.axess.ai.automation.testcases.TemplatesPageTest" name="validateModuleTemplate" time="68.242"/>
  <testcase classname="com.axess.ai.automation.testcases.TemplatesPageTest" name="validateDeviceTemplate" time="13.233">
    <failure type="org.openqa.selenium.NoSuchElementException" message="no such element: Unable to locate element: {&amp;quot;method&amp;quot;:&amp;quot;xpath&amp;quot;,&amp;quot;selector&amp;quot;:&amp;quot;//div[contains(text(),&amp;apos;Add Device Template&amp;apos;)]&amp;quot;}
  (Session info: chrome=96.0.4664.45)
For documentation on this error, please visit: https://www.seleniumhq.org/exceptions/no_such_element.html
Build info: version: &amp;apos;3.141.59&amp;apos;, revision: &amp;apos;e82be7d358&amp;apos;, time: &amp;apos;2018-11-14T08:25:53&amp;apos;
System info: host: &amp;apos;DESKTOP-R70CA4D&amp;apos;, ip: &amp;apos;192.168.0.106&amp;apos;, os.name: &amp;apos;Windows 10&amp;apos;, os.arch: &amp;apos;amd64&amp;apos;, os.version: &amp;apos;10.0&amp;apos;, java.version: &amp;apos;16.0.2&amp;apos;
Driver info: org.openqa.selenium.chrome.ChromeDriver
Capabilities {acceptInsecureCerts: false, browserName: chrome, browserVersion: 96.0.4664.45, chrome: {chromedriverVersion: 96.0.4664.45 (76e4c1bb2ab46..., userDataDir: C:\Users\yachna\AppData\Loc...}, goog:chromeOptions: {debuggerAddress: localhost:58234}, javascriptEnabled: true, networkConnectionEnabled: false, pageLoadStrategy: normal, platform: WINDOWS, platformName: WINDOWS, proxy: Proxy(), setWindowRect: true, strictFileInteractability: false, timeouts: {implicit: 0, pageLoad: 300000, script: 30000}, unhandledPromptBehavior: dismiss and notify, webauthn:extension:credBlob: true, webauthn:extension:largeBlob: true, webauthn:virtualAuthenticators: true}
Session ID: 6667186f0abaa552ae65ce15b28c44d6
*** Element info: {Using=xpath, value=//div[contains(text(),&amp;apos;Add Device Template&amp;apos;)]}">
      <![CDATA[org.openqa.selenium.NoSuchElementException: no such element: Unable to locate element: {"method":"xpath","selector":"//div[contains(text(),'Add Device Template')]"}
  (Session info: chrome=96.0.4664.45)
For documentation on this error, please visit: https://www.seleniumhq.org/exceptions/no_such_element.html
Build info: version: '3.141.59', revision: 'e82be7d358', time: '2018-11-14T08:25:53'
System info: host: 'DESKTOP-R70CA4D', ip: '192.168.0.106', os.name: 'Windows 10', os.arch: 'amd64', os.version: '10.0', java.version: '16.0.2'
Driver info: org.openqa.selenium.chrome.ChromeDriver
Capabilities {acceptInsecureCerts: false, browserName: chrome, browserVersion: 96.0.4664.45, chrome: {chromedriverVersion: 96.0.4664.45 (76e4c1bb2ab46..., userDataDir: C:\Users\yachna\AppData\Loc...}, goog:chromeOptions: {debuggerAddress: localhost:58234}, javascriptEnabled: true, networkConnectionEnabled: false, pageLoadStrategy: normal, platform: WINDOWS, platformName: WINDOWS, proxy: Proxy(), setWindowRect: true, strictFileInteractability: false, timeouts: {implicit: 0, pageLoad: 300000, script: 30000}, unhandledPromptBehavior: dismiss and notify, webauthn:extension:credBlob: true, webauthn:extension:largeBlob: true, webauthn:virtualAuthenticators: true}
Session ID: 6667186f0abaa552ae65ce15b28c44d6
*** Element info: {Using=xpath, value=//div[contains(text(),'Add Device Template')]}
at org.openqa.selenium.remote.http.W3CHttpResponseCodec.createException(W3CHttpResponseCodec.java:187)
at org.openqa.selenium.remote.http.W3CHttpResponseCodec.decode(W3CHttpResponseCodec.java:122)
at org.openqa.selenium.remote.http.W3CHttpResponseCodec.decode(W3CHttpResponseCodec.java:49)
at org.openqa.selenium.remote.HttpCommandExecutor.execute(HttpCommandExecutor.java:158)
at org.openqa.selenium.remote.service.DriverCommandExecutor.execute(DriverCommandExecutor.java:83)
at org.openqa.selenium.remote.RemoteWebDriver.execute(RemoteWebDriver.java:552)
at org.openqa.selenium.remote.RemoteWebDriver.findElement(RemoteWebDriver.java:323)
at org.openqa.selenium.remote.RemoteWebDriver.findElementByXPath(RemoteWebDriver.java:428)
at org.openqa.selenium.By$ByXPath.findElement(By.java:353)
at org.openqa.selenium.remote.RemoteWebDriver.findElement(RemoteWebDriver.java:315)
at org.openqa.selenium.support.pagefactory.DefaultElementLocator.findElement(DefaultElementLocator.java:69)
at org.openqa.selenium.support.pagefactory.internal.LocatingElementHandler.invoke(LocatingElementHandler.java:38)
at jdk.proxy2/jdk.proxy2.$Proxy10.click(Unknown Source)
at com.axess.ai.automation.page.objects.TemplatesPage.verifyDeviceTemplate(TemplatesPage.java:435)
at com.axess.ai.automation.testcases.TemplatesPageTest.validateDeviceTemplate(TemplatesPageTest.java:105)
at java.base/java.util.ArrayList.forEach(ArrayList.java:1511)
at com.axess.ai.automation.testcases.RunTest.main(RunTest.java:36)
... Removed 29 stack frames]]>
    </failure>
  </testcase> <!-- validateDeviceTemplate -->
  <testcase classname="com.axess.ai.automation.testcases.TemplatesPageTest" name="validateNetworkField" time="64.96"/>
  <testcase classname="com.axess.ai.automation.testcases.TemplatesPageTest" name="validatePanelTemplate" time="59.565"/>
  <testcase classname="com.axess.ai.automation.testcases.TemplatesPageTest" name="validateClusterTemplate" time="59.418"/>
  <testcase classname="com.axess.ai.automation.testcases.TemplatesPageTest" name="validateModuleType" time="50.46"/>
</testsuite> <!-- Test Templates -->
