<?xml version="1.0" encoding="UTF-8"?>
<!-- Generated by org.testng.reporters.JUnitXMLReporter -->
<testsuite ignored="0" hostname="DESKTOP-R70CA4D" failures="0" tests="17" name="Test" time="21.648" errors="0" timestamp="2021-10-18T20:27:36 IST">
  <testcase classname="com.axess.ai.automation.testcases.DashboardPageTest" name="@BeforeTest setup" time="21.522">
    <failure type="org.openqa.selenium.TimeoutException" message="timeout: Timed out receiving message from renderer: -0.008
  (Session info: chrome=94.0.4606.81)
Build info: version: &amp;apos;3.141.59&amp;apos;, revision: &amp;apos;e82be7d358&amp;apos;, time: &amp;apos;2018-11-14T08:25:53&amp;apos;
System info: host: &amp;apos;DESKTOP-R70CA4D&amp;apos;, ip: &amp;apos;192.168.0.106&amp;apos;, os.name: &amp;apos;Windows 10&amp;apos;, os.arch: &amp;apos;amd64&amp;apos;, os.version: &amp;apos;10.0&amp;apos;, java.version: &amp;apos;16.0.2&amp;apos;
Driver info: org.openqa.selenium.chrome.ChromeDriver
Capabilities {acceptInsecureCerts: false, browserName: chrome, browserVersion: 94.0.4606.81, chrome: {chromedriverVersion: 94.0.4606.61 (418b78f5838ed..., userDataDir: C:\Users\yachna\AppData\Loc...}, goog:chromeOptions: {debuggerAddress: localhost:64531}, javascriptEnabled: true, networkConnectionEnabled: false, pageLoadStrategy: normal, platform: WINDOWS, platformName: WINDOWS, proxy: Proxy(), setWindowRect: true, strictFileInteractability: false, timeouts: {implicit: 0, pageLoad: 300000, script: 30000}, unhandledPromptBehavior: dismiss and notify, webauthn:extension:credBlob: true, webauthn:extension:largeBlob: true, webauthn:virtualAuthenticators: true}
Session ID: eb05e9119325f4673006064d044d3415">
      <![CDATA[org.openqa.selenium.TimeoutException: timeout: Timed out receiving message from renderer: -0.008
  (Session info: chrome=94.0.4606.81)
Build info: version: '3.141.59', revision: 'e82be7d358', time: '2018-11-14T08:25:53'
System info: host: 'DESKTOP-R70CA4D', ip: '192.168.0.106', os.name: 'Windows 10', os.arch: 'amd64', os.version: '10.0', java.version: '16.0.2'
Driver info: org.openqa.selenium.chrome.ChromeDriver
Capabilities {acceptInsecureCerts: false, browserName: chrome, browserVersion: 94.0.4606.81, chrome: {chromedriverVersion: 94.0.4606.61 (418b78f5838ed..., userDataDir: C:\Users\yachna\AppData\Loc...}, goog:chromeOptions: {debuggerAddress: localhost:64531}, javascriptEnabled: true, networkConnectionEnabled: false, pageLoadStrategy: normal, platform: WINDOWS, platformName: WINDOWS, proxy: Proxy(), setWindowRect: true, strictFileInteractability: false, timeouts: {implicit: 0, pageLoad: 300000, script: 30000}, unhandledPromptBehavior: dismiss and notify, webauthn:extension:credBlob: true, webauthn:extension:largeBlob: true, webauthn:virtualAuthenticators: true}
Session ID: eb05e9119325f4673006064d044d3415
at org.openqa.selenium.remote.http.W3CHttpResponseCodec.createException(W3CHttpResponseCodec.java:187)
at org.openqa.selenium.remote.http.W3CHttpResponseCodec.decode(W3CHttpResponseCodec.java:122)
at org.openqa.selenium.remote.http.W3CHttpResponseCodec.decode(W3CHttpResponseCodec.java:49)
at org.openqa.selenium.remote.HttpCommandExecutor.execute(HttpCommandExecutor.java:158)
at org.openqa.selenium.remote.service.DriverCommandExecutor.execute(DriverCommandExecutor.java:83)
at org.openqa.selenium.remote.RemoteWebDriver.execute(RemoteWebDriver.java:552)
at org.openqa.selenium.remote.RemoteWebDriver.get(RemoteWebDriver.java:277)
at com.axess.ai.automation.utilities.ListenersApp.launchBrowser(ListenersApp.java:249)
at com.axess.ai.automation.testcases.DashboardPageTest.setup(DashboardPageTest.java:35)
... Removed 29 stack frames]]>
    </failure>
  </testcase> <!-- @BeforeTest setup -->
  <testcase classname="com.axess.ai.automation.testcases.LoginPageTest" name="@BeforeTest setup" time="-1.634569056304E9">
    <skipped/>
  </testcase> <!-- @BeforeTest setup -->
  <testcase classname="com.axess.ai.automation.testcases.DashboardPageTest" name="@AfterTest tearDown" time="-1.634569056409E9">
    <skipped/>
  </testcase> <!-- @AfterTest tearDown -->
  <testcase classname="com.axess.ai.automation.testcases.LoginPageTest" name="@AfterTest tearDown" time="-1.63456905641E9">
    <skipped/>
  </testcase> <!-- @AfterTest tearDown -->
  <testcase classname="com.axess.ai.automation.testcases.LoginPageTest" name="verifyUrl" time="0.0">
    <skipped/>
  </testcase> <!-- verifyUrl -->
  <testcase classname="com.axess.ai.automation.testcases.LoginPageTest" name="loginwithcredentials" time="0.0">
    <skipped/>
  </testcase> <!-- loginwithcredentials -->
  <testcase classname="com.axess.ai.automation.testcases.LoginPageTest" name="clickOnLogin" time="0.0">
    <skipped/>
  </testcase> <!-- clickOnLogin -->
  <testcase classname="com.axess.ai.automation.testcases.LoginPageTest" name="verifyTitle" time="0.0">
    <skipped/>
  </testcase> <!-- verifyTitle -->
  <testcase classname="com.axess.ai.automation.testcases.DashboardPageTest" name="validateRootLocation" time="0.0">
    <skipped/>
  </testcase> <!-- validateRootLocation -->
  <testcase classname="com.axess.ai.automation.testcases.DashboardPageTest" name="validatehelpAndFeedbackModule" time="0.0">
    <skipped/>
  </testcase> <!-- validatehelpAndFeedbackModule -->
  <testcase classname="com.axess.ai.automation.testcases.DashboardPageTest" name="validatelogoutLink" time="0.0">
    <skipped/>
  </testcase> <!-- validatelogoutLink -->
  <testcase classname="com.axess.ai.automation.testcases.DashboardPageTest" name="validatelogoutdropdown" time="0.0">
    <skipped/>
  </testcase> <!-- validatelogoutdropdown -->
  <testcase classname="com.axess.ai.automation.testcases.DashboardPageTest" name="verifyLocationModule" time="0.0">
    <skipped/>
  </testcase> <!-- verifyLocationModule -->
  <testcase classname="com.axess.ai.automation.testcases.DashboardPageTest" name="verifyPageTitle" time="0.0">
    <skipped/>
  </testcase> <!-- verifyPageTitle -->
  <testcase classname="com.axess.ai.automation.testcases.DashboardPageTest" name="verifySystemUserModule" time="0.0">
    <skipped/>
  </testcase> <!-- verifySystemUserModule -->
  <testcase classname="com.axess.ai.automation.testcases.DashboardPageTest" name="verifyaccessManagerModule" time="0.0">
    <skipped/>
  </testcase> <!-- verifyaccessManagerModule -->
  <testcase classname="com.axess.ai.automation.testcases.DashboardPageTest" name="verifydeviceAndModule" time="0.0">
    <skipped/>
  </testcase> <!-- verifydeviceAndModule -->
  <testcase classname="com.axess.ai.automation.testcases.DashboardPageTest" name="verifymapModule" time="0.0">
    <skipped/>
  </testcase> <!-- verifymapModule -->
  <testcase classname="com.axess.ai.automation.testcases.DashboardPageTest" name="verifyreportAndAnalyticsModule" time="0.0">
    <skipped/>
  </testcase> <!-- verifyreportAndAnalyticsModule -->
  <testcase classname="com.axess.ai.automation.testcases.DashboardPageTest" name="verifyruleEngineModule" time="0.0">
    <skipped/>
  </testcase> <!-- verifyruleEngineModule -->
  <testcase classname="com.axess.ai.automation.testcases.DashboardPageTest" name="verifysiteSettingModule" time="0.0">
    <skipped/>
  </testcase> <!-- verifysiteSettingModule -->
</testsuite> <!-- Test -->
