<!DOCTYPE html PUBLIC "-//W3C//DTD XHTML 1.1//EN" "https://www.w3.org/TR/xhtml11/DTD/xhtml11.dtd">
<html xmlns="https://www.w3.org/1999/xhtml">
<head>
<meta http-equiv="content-type" content="text/html; charset=UTF-8"/>
<title>TestNG Report</title>
<style type="text/css">table {margin-bottom:10px;border-collapse:collapse;empty-cells:show}th,td {border:1px solid #009;padding:.25em .5em}th {vertical-align:bottom}td {vertical-align:top}table a {font-weight:bold}.stripe td {background-color: #E6EBF9}.num {text-align:right}.passedodd td {background-color: #3F3}.passedeven td {background-color: #0A0}.skippedodd td {background-color: #DDD}.skippedeven td {background-color: #CCC}.failedodd td,.attn {background-color: #F33}.failedeven td,.stripe .attn {background-color: #D00}.stacktrace {white-space:pre;font-family:monospace}.totop {font-size:85%;text-align:center;border-bottom:2px solid #000}.invisible {display:none}</style>
</head>
<body>
<table>
<tr><th>Test</th><th># Passed</th><th># Skipped</th><th># Retried</th><th># Failed</th><th>Time (ms)</th><th>Included Groups</th><th>Excluded Groups</th></tr>
<tr><th colspan="8">Suite</th></tr>
<tr><td><a href="#t0">Test Login</a></td><td class="num">4</td><td class="num">0</td><td class="num">0</td><td class="num">0</td><td class="num">10,796</td><td></td><td></td></tr>
<tr class="stripe"><td><a href="#t1">Test Dashboard</a></td><td class="num">15</td><td class="num">0</td><td class="num">0</td><td class="num">0</td><td class="num">39,542</td><td></td><td></td></tr>
<tr><td><a href="#t2">Test SystemUsers</a></td><td class="num">11</td><td class="num">0</td><td class="num">0</td><td class="num">0</td><td class="num">109,447</td><td></td><td></td></tr>
<tr class="stripe"><td><a href="#t3">Test Locations</a></td><td class="num">3</td><td class="num">0</td><td class="num">0</td><td class="num">0</td><td class="num">12,409</td><td></td><td></td></tr>
<tr><td><a href="#t4">Test UserRoles</a></td><td class="num">4</td><td class="num">0</td><td class="num">0</td><td class="num attn">1</td><td class="num">69,234</td><td></td><td></td></tr>
<tr class="stripe"><td><a href="#t5">Test Device And Module</a></td><td class="num">3</td><td class="num">0</td><td class="num">0</td><td class="num attn">1</td><td class="num">28,334</td><td></td><td></td></tr>
<tr><td><a href="#t6">Test Templates</a></td><td class="num">12</td><td class="num">0</td><td class="num">0</td><td class="num attn">1</td><td class="num">621,331</td><td></td><td></td></tr>
<tr class="stripe"><td><a href="#t7">Test Entities</a></td><td class="num">3</td><td class="num">0</td><td class="num">0</td><td class="num">0</td><td class="num">25,897</td><td></td><td></td></tr>
<tr><td><a href="#t8">Test Access Control</a></td><td class="num">3</td><td class="num">0</td><td class="num">0</td><td class="num">0</td><td class="num">16,103</td><td></td><td></td></tr>
<tr><th>Total</th><th class="num">58</th><th class="num">0</th><th class="num">0</th><th class="num attn">3</th><th class="num">933,093</th><th colspan="2"></th></tr>
</table>
<table id='summary'><thead><tr><th>Class</th><th>Method</th><th>Start</th><th>Time (ms)</th></tr></thead><tbody><tr><th colspan="4">Suite</th></tr></tbody><tbody id="t0"><tr><th colspan="4">Test Login &#8212; passed</th></tr><tr class="passedeven"><td rowspan="4">com.axess.ai.automation.testcases.LoginPageTest</td><td><a href="#m0">loginwithcredentials</a></td><td rowspan="1">1639491702298</td><td rowspan="1">4347</td></tr><tr class="passedeven"><td><a href="#m1">validateTitle</a></td><td rowspan="1">1639491706761</td><td rowspan="1">19</td></tr><tr class="passedeven"><td><a href="#m2">validateUrl</a></td><td rowspan="1">1639491702201</td><td rowspan="1">91</td></tr><tr class="passedeven"><td><a href="#m3">validateclickOnLogin</a></td><td rowspan="1">1639491706646</td><td rowspan="1">115</td></tr></tbody>
<tbody id="t1"><tr><th colspan="4">Test Dashboard &#8212; passed</th></tr><tr class="passedeven"><td rowspan="15">com.axess.ai.automation.testcases.DashboardPageTest</td><td><a href="#m4">validateAccessManagerModule</a></td><td rowspan="1">1639491720872</td><td rowspan="1">1107</td></tr><tr class="passedeven"><td><a href="#m5">validateDeviceAndModule</a></td><td rowspan="1">1639491721980</td><td rowspan="1">3083</td></tr><tr class="passedeven"><td><a href="#m6">validateHelpAndFeedbackModule</a></td><td rowspan="1">1639491725065</td><td rowspan="1">1088</td></tr><tr class="passedeven"><td><a href="#m7">validateLocationModule</a></td><td rowspan="1">1639491726154</td><td rowspan="1">3083</td></tr><tr class="passedeven"><td><a href="#m8">validateLogoutLink</a></td><td rowspan="1">1639491745106</td><td rowspan="1">2160</td></tr><tr class="passedeven"><td><a href="#m9">validateLogoutdropdown</a></td><td rowspan="1">1639491743939</td><td rowspan="1">1166</td></tr><tr class="passedeven"><td><a href="#m10">validateMapModule</a></td><td rowspan="1">1639491729238</td><td rowspan="1">1100</td></tr><tr class="passedeven"><td><a href="#m11">validatePageHeading</a></td><td rowspan="1">1639491730340</td><td rowspan="1">2081</td></tr><tr class="passedeven"><td><a href="#m12">validatePageTitle</a></td><td rowspan="1">1639491716418</td><td rowspan="1">2406</td></tr><tr class="passedeven"><td><a href="#m13">validatePageUrl</a></td><td rowspan="1">1639491718827</td><td rowspan="1">2044</td></tr><tr class="passedeven"><td><a href="#m14">validateReportAndAnalyticsModule</a></td><td rowspan="1">1639491732423</td><td rowspan="1">1088</td></tr><tr class="passedeven"><td><a href="#m15">validateRootLocation</a></td><td rowspan="1">1639491740768</td><td rowspan="1">3170</td></tr><tr class="passedeven"><td><a href="#m16">validateRuleEngineModule</a></td><td rowspan="1">1639491733512</td><td rowspan="1">3079</td></tr><tr class="passedeven"><td><a href="#m17">validateSiteSettingModule</a></td><td rowspan="1">1639491736593</td><td rowspan="1">1087</td></tr><tr class="passedeven"><td><a href="#m18">validateSystemUserModule</a></td><td rowspan="1">1639491737681</td><td rowspan="1">3086</td></tr></tbody>
<tbody id="t2"><tr><th colspan="4">Test SystemUsers &#8212; passed</th></tr><tr class="passedeven"><td rowspan="11">com.axess.ai.automation.testcases.SystemUsersPageTest</td><td><a href="#m19">validateAPIKeys</a></td><td rowspan="1">1639491759735</td><td rowspan="1">2219</td></tr><tr class="passedeven"><td><a href="#m20">validateAddNewUserAndDelete</a></td><td rowspan="1">1639491802475</td><td rowspan="1">54244</td></tr><tr class="passedeven"><td><a href="#m21">validateAdministratorUser</a></td><td rowspan="1">1639491761955</td><td rowspan="1">3171</td></tr><tr class="passedeven"><td><a href="#m22">validateAllUsers</a></td><td rowspan="1">1639491790945</td><td rowspan="1">5203</td></tr><tr class="passedeven"><td><a href="#m23">validateClickOnSystemUserModule</a></td><td rowspan="1">1639491756171</td><td rowspan="1">2499</td></tr><tr class="passedeven"><td><a href="#m24">validateInstallationUser</a></td><td rowspan="1">1639491780601</td><td rowspan="1">5166</td></tr><tr class="passedeven"><td><a href="#m25">validateManageRoles</a></td><td rowspan="1">1639491796149</td><td rowspan="1">6325</td></tr><tr class="passedeven"><td><a href="#m26">validateOrganizationUser</a></td><td rowspan="1">1639491785768</td><td rowspan="1">5176</td></tr><tr class="passedeven"><td><a href="#m27">validatePageHeading</a></td><td rowspan="1">1639491758670</td><td rowspan="1">1042</td></tr><tr class="passedeven"><td><a href="#m28">validatePageUrl</a></td><td rowspan="1">1639491759714</td><td rowspan="1">20</td></tr><tr class="passedeven"><td><a href="#m29">validateadminexistingRoles</a></td><td rowspan="1">1639491765126</td><td rowspan="1">15473</td></tr></tbody>
<tbody id="t3"><tr><th colspan="4">Test Locations &#8212; passed</th></tr><tr class="passedeven"><td rowspan="3">com.axess.ai.automation.testcases.LocationPageTest</td><td><a href="#m30">validateClickOnLocationModule</a></td><td rowspan="1">1639491865756</td><td rowspan="1">2341</td></tr><tr class="passedeven"><td><a href="#m31">validateCurrentUrl</a></td><td rowspan="1">1639491868097</td><td rowspan="1">11</td></tr><tr class="passedeven"><td><a href="#m32">validatePageHeading</a></td><td rowspan="1">1639491868109</td><td rowspan="1">1042</td></tr></tbody>
<tbody id="t4"><tr><th colspan="4">Test UserRoles &#8212; failed</th></tr><tr class="failedeven"><td rowspan="1">com.axess.ai.automation.testcases.UserRolesPageTest</td><td><a href="#m33">validateCreateAndDeleteRole</a></td><td rowspan="1">1639491904264</td><td rowspan="1">33886</td></tr><tr><th colspan="4">Test UserRoles &#8212; passed</th></tr><tr class="passedeven"><td rowspan="4">com.axess.ai.automation.testcases.UserRolesPageTest</td><td><a href="#m34">validateCurrentUrl</a></td><td rowspan="1">1639491888043</td><td rowspan="1">16</td></tr><tr class="passedeven"><td><a href="#m35">validateManageRoles</a></td><td rowspan="1">1639491877463</td><td rowspan="1">10579</td></tr><tr class="passedeven"><td><a href="#m36">validatePageHeading</a></td><td rowspan="1">1639491888060</td><td rowspan="1">1054</td></tr><tr class="passedeven"><td><a href="#m37">validateRoles</a></td><td rowspan="1">1639491889115</td><td rowspan="1">15147</td></tr></tbody>
<tbody id="t5"><tr><th colspan="4">Test Device And Module &#8212; failed</th></tr><tr class="failedeven"><td rowspan="1">com.axess.ai.automation.testcases.DeviceAndModulesPageTest</td><td><a href="#m38">validateAllBtns</a></td><td rowspan="1">1639491956483</td><td rowspan="1">10052</td></tr><tr><th colspan="4">Test Device And Module &#8212; passed</th></tr><tr class="passedeven"><td rowspan="3">com.axess.ai.automation.testcases.DeviceAndModulesPageTest</td><td><a href="#m39">validateClickOnSystemUserModule</a></td><td rowspan="1">1639491946900</td><td rowspan="1">5466</td></tr><tr class="passedeven"><td><a href="#m40">validateCurrentUrl</a></td><td rowspan="1">1639491952367</td><td rowspan="1">2031</td></tr><tr class="passedeven"><td><a href="#m41">validatePageHeading</a></td><td rowspan="1">1639491954399</td><td rowspan="1">2083</td></tr></tbody>
<tbody id="t6"><tr><th colspan="4">Test Templates &#8212; failed</th></tr><tr class="failedeven"><td rowspan="1">com.axess.ai.automation.testcases.TemplatesPageTest</td><td><a href="#m42">validateDeviceTemplate</a></td><td rowspan="1">1639492339844</td><td rowspan="1">13233</td></tr><tr><th colspan="4">Test Templates &#8212; passed</th></tr><tr class="passedeven"><td rowspan="12">com.axess.ai.automation.testcases.TemplatesPageTest</td><td><a href="#m43">validateClusterTemplate</a></td><td rowspan="1">1639492478169</td><td rowspan="1">59418</td></tr><tr class="passedeven"><td><a href="#m44">validateCurrentUrl</a></td><td rowspan="1">1639491990486</td><td rowspan="1">3033</td></tr><tr class="passedeven"><td><a href="#m45">validateEventField</a></td><td rowspan="1">1639491996597</td><td rowspan="1">66023</td></tr><tr class="passedeven"><td><a href="#m46">validateEventTemplate</a></td><td rowspan="1">1639492062622</td><td rowspan="1">70704</td></tr><tr class="passedeven"><td><a href="#m47">validateModuleTemplate</a></td><td rowspan="1">1639492271601</td><td rowspan="1">68242</td></tr><tr class="passedeven"><td><a href="#m48">validateModuleType</a></td><td rowspan="1">1639492537589</td><td rowspan="1">50460</td></tr><tr class="passedeven"><td><a href="#m49">validateNetworkField</a></td><td rowspan="1">1639492353642</td><td rowspan="1">64960</td></tr><tr class="passedeven"><td><a href="#m50">validatePageHeading</a></td><td rowspan="1">1639491993520</td><td rowspan="1">3076</td></tr><tr class="passedeven"><td><a href="#m51">validatePanelTemplate</a></td><td rowspan="1">1639492418603</td><td rowspan="1">59565</td></tr><tr class="passedeven"><td><a href="#m52">validateSettingField</a></td><td rowspan="1">1639492133327</td><td rowspan="1">70314</td></tr><tr class="passedeven"><td><a href="#m53">validateSettingTemplate</a></td><td rowspan="1">1639492203642</td><td rowspan="1">67957</td></tr><tr class="passedeven"><td><a href="#m54">validateTemplates</a></td><td rowspan="1">1639491975029</td><td rowspan="1">15456</td></tr></tbody>
<tbody id="t7"><tr><th colspan="4">Test Entities &#8212; passed</th></tr><tr class="passedeven"><td rowspan="3">com.axess.ai.automation.testcases.EntitiesPageTest</td><td><a href="#m55">validateCurrentUrl</a></td><td rowspan="1">1639492611945</td><td rowspan="1">1025</td></tr><tr class="passedeven"><td><a href="#m56">validateEntities</a></td><td rowspan="1">1639492596699</td><td rowspan="1">15245</td></tr><tr class="passedeven"><td><a href="#m57">validatePageHeading</a></td><td rowspan="1">1639492612971</td><td rowspan="1">1058</td></tr></tbody>
<tbody id="t8"><tr><th colspan="4">Test Access Control &#8212; passed</th></tr><tr class="passedeven"><td rowspan="3">com.axess.ai.automation.testcases.AccessControlPageTest</td><td><a href="#m58">validateClickOnSystemUserModule</a></td><td rowspan="1">1639492622491</td><td rowspan="1">3504</td></tr><tr class="passedeven"><td><a href="#m59">validatePageHeading</a></td><td rowspan="1">1639492625996</td><td rowspan="1">2084</td></tr><tr class="passedeven"><td><a href="#m60">validatePageUrl</a></td><td rowspan="1">1639492628081</td><td rowspan="1">2020</td></tr></tbody>
</table>
<h2>Test Login</h2><h3 id="m0">com.axess.ai.automation.testcases.LoginPageTest#loginwithcredentials</h3><table class="result"><tr><th class="invisible"/></tr></table><p class="totop"><a href="#summary">back to summary</a></p>
<h3 id="m1">com.axess.ai.automation.testcases.LoginPageTest#validateTitle</h3><table class="result"><tr><th class="invisible"/></tr></table><p class="totop"><a href="#summary">back to summary</a></p>
<h3 id="m2">com.axess.ai.automation.testcases.LoginPageTest#validateUrl</h3><table class="result"><tr><th class="invisible"/></tr></table><p class="totop"><a href="#summary">back to summary</a></p>
<h3 id="m3">com.axess.ai.automation.testcases.LoginPageTest#validateclickOnLogin</h3><table class="result"><tr><th class="invisible"/></tr></table><p class="totop"><a href="#summary">back to summary</a></p>
<h2>Test Dashboard</h2><h3 id="m4">com.axess.ai.automation.testcases.DashboardPageTest#validateAccessManagerModule</h3><table class="result"><tr><th class="invisible"/></tr></table><p class="totop"><a href="#summary">back to summary</a></p>
<h3 id="m5">com.axess.ai.automation.testcases.DashboardPageTest#validateDeviceAndModule</h3><table class="result"><tr><th class="invisible"/></tr></table><p class="totop"><a href="#summary">back to summary</a></p>
<h3 id="m6">com.axess.ai.automation.testcases.DashboardPageTest#validateHelpAndFeedbackModule</h3><table class="result"><tr><th class="invisible"/></tr></table><p class="totop"><a href="#summary">back to summary</a></p>
<h3 id="m7">com.axess.ai.automation.testcases.DashboardPageTest#validateLocationModule</h3><table class="result"><tr><th class="invisible"/></tr></table><p class="totop"><a href="#summary">back to summary</a></p>
<h3 id="m8">com.axess.ai.automation.testcases.DashboardPageTest#validateLogoutLink</h3><table class="result"><tr><th class="invisible"/></tr></table><p class="totop"><a href="#summary">back to summary</a></p>
<h3 id="m9">com.axess.ai.automation.testcases.DashboardPageTest#validateLogoutdropdown</h3><table class="result"><tr><th class="invisible"/></tr></table><p class="totop"><a href="#summary">back to summary</a></p>
<h3 id="m10">com.axess.ai.automation.testcases.DashboardPageTest#validateMapModule</h3><table class="result"><tr><th class="invisible"/></tr></table><p class="totop"><a href="#summary">back to summary</a></p>
<h3 id="m11">com.axess.ai.automation.testcases.DashboardPageTest#validatePageHeading</h3><table class="result"><tr><th class="invisible"/></tr></table><p class="totop"><a href="#summary">back to summary</a></p>
<h3 id="m12">com.axess.ai.automation.testcases.DashboardPageTest#validatePageTitle</h3><table class="result"><tr><th class="invisible"/></tr></table><p class="totop"><a href="#summary">back to summary</a></p>
<h3 id="m13">com.axess.ai.automation.testcases.DashboardPageTest#validatePageUrl</h3><table class="result"><tr><th class="invisible"/></tr></table><p class="totop"><a href="#summary">back to summary</a></p>
<h3 id="m14">com.axess.ai.automation.testcases.DashboardPageTest#validateReportAndAnalyticsModule</h3><table class="result"><tr><th class="invisible"/></tr></table><p class="totop"><a href="#summary">back to summary</a></p>
<h3 id="m15">com.axess.ai.automation.testcases.DashboardPageTest#validateRootLocation</h3><table class="result"><tr><th class="invisible"/></tr></table><p class="totop"><a href="#summary">back to summary</a></p>
<h3 id="m16">com.axess.ai.automation.testcases.DashboardPageTest#validateRuleEngineModule</h3><table class="result"><tr><th class="invisible"/></tr></table><p class="totop"><a href="#summary">back to summary</a></p>
<h3 id="m17">com.axess.ai.automation.testcases.DashboardPageTest#validateSiteSettingModule</h3><table class="result"><tr><th class="invisible"/></tr></table><p class="totop"><a href="#summary">back to summary</a></p>
<h3 id="m18">com.axess.ai.automation.testcases.DashboardPageTest#validateSystemUserModule</h3><table class="result"><tr><th class="invisible"/></tr></table><p class="totop"><a href="#summary">back to summary</a></p>
<h2>Test SystemUsers</h2><h3 id="m19">com.axess.ai.automation.testcases.SystemUsersPageTest#validateAPIKeys</h3><table class="result"><tr><th class="invisible"/></tr></table><p class="totop"><a href="#summary">back to summary</a></p>
<h3 id="m20">com.axess.ai.automation.testcases.SystemUsersPageTest#validateAddNewUserAndDelete</h3><table class="result"><tr><th class="invisible"/></tr></table><p class="totop"><a href="#summary">back to summary</a></p>
<h3 id="m21">com.axess.ai.automation.testcases.SystemUsersPageTest#validateAdministratorUser</h3><table class="result"><tr><th class="invisible"/></tr></table><p class="totop"><a href="#summary">back to summary</a></p>
<h3 id="m22">com.axess.ai.automation.testcases.SystemUsersPageTest#validateAllUsers</h3><table class="result"><tr><th class="invisible"/></tr></table><p class="totop"><a href="#summary">back to summary</a></p>
<h3 id="m23">com.axess.ai.automation.testcases.SystemUsersPageTest#validateClickOnSystemUserModule</h3><table class="result"><tr><th class="invisible"/></tr></table><p class="totop"><a href="#summary">back to summary</a></p>
<h3 id="m24">com.axess.ai.automation.testcases.SystemUsersPageTest#validateInstallationUser</h3><table class="result"><tr><th class="invisible"/></tr></table><p class="totop"><a href="#summary">back to summary</a></p>
<h3 id="m25">com.axess.ai.automation.testcases.SystemUsersPageTest#validateManageRoles</h3><table class="result"><tr><th class="invisible"/></tr></table><p class="totop"><a href="#summary">back to summary</a></p>
<h3 id="m26">com.axess.ai.automation.testcases.SystemUsersPageTest#validateOrganizationUser</h3><table class="result"><tr><th class="invisible"/></tr></table><p class="totop"><a href="#summary">back to summary</a></p>
<h3 id="m27">com.axess.ai.automation.testcases.SystemUsersPageTest#validatePageHeading</h3><table class="result"><tr><th class="invisible"/></tr></table><p class="totop"><a href="#summary">back to summary</a></p>
<h3 id="m28">com.axess.ai.automation.testcases.SystemUsersPageTest#validatePageUrl</h3><table class="result"><tr><th class="invisible"/></tr></table><p class="totop"><a href="#summary">back to summary</a></p>
<h3 id="m29">com.axess.ai.automation.testcases.SystemUsersPageTest#validateadminexistingRoles</h3><table class="result"><tr><th class="invisible"/></tr></table><p class="totop"><a href="#summary">back to summary</a></p>
<h2>Test Locations</h2><h3 id="m30">com.axess.ai.automation.testcases.LocationPageTest#validateClickOnLocationModule</h3><table class="result"><tr><th class="invisible"/></tr></table><p class="totop"><a href="#summary">back to summary</a></p>
<h3 id="m31">com.axess.ai.automation.testcases.LocationPageTest#validateCurrentUrl</h3><table class="result"><tr><th class="invisible"/></tr></table><p class="totop"><a href="#summary">back to summary</a></p>
<h3 id="m32">com.axess.ai.automation.testcases.LocationPageTest#validatePageHeading</h3><table class="result"><tr><th class="invisible"/></tr></table><p class="totop"><a href="#summary">back to summary</a></p>
<h2>Test UserRoles</h2><h3 id="m33">com.axess.ai.automation.testcases.UserRolesPageTest#validateCreateAndDeleteRole</h3><table class="result"><tr><th>Exception</th></tr><tr><td><div class="stacktrace">org.openqa.selenium.ElementNotInteractableException: element not interactable: element has zero size
  (Session info: chrome=96.0.4664.45)
Build info: version: &apos;3.141.59&apos;, revision: &apos;e82be7d358&apos;, time: &apos;2018-11-14T08:25:53&apos;
System info: host: &apos;DESKTOP-R70CA4D&apos;, ip: &apos;192.168.0.106&apos;, os.name: &apos;Windows 10&apos;, os.arch: &apos;amd64&apos;, os.version: &apos;10.0&apos;, java.version: &apos;16.0.2&apos;
Driver info: org.openqa.selenium.chrome.ChromeDriver
Capabilities {acceptInsecureCerts: false, browserName: chrome, browserVersion: 96.0.4664.45, chrome: {chromedriverVersion: 96.0.4664.45 (76e4c1bb2ab46..., userDataDir: C:\Users\yachna\AppData\Loc...}, goog:chromeOptions: {debuggerAddress: localhost:65470}, javascriptEnabled: true, networkConnectionEnabled: false, pageLoadStrategy: normal, platform: WINDOWS, platformName: WINDOWS, proxy: Proxy(), setWindowRect: true, strictFileInteractability: false, timeouts: {implicit: 0, pageLoad: 300000, script: 30000}, unhandledPromptBehavior: dismiss and notify, webauthn:extension:credBlob: true, webauthn:extension:largeBlob: true, webauthn:virtualAuthenticators: true}
Session ID: 85fda3f2cf6fd3572d9026a33bdea205
	at org.openqa.selenium.remote.http.W3CHttpResponseCodec.createException(W3CHttpResponseCodec.java:187)
	at org.openqa.selenium.remote.http.W3CHttpResponseCodec.decode(W3CHttpResponseCodec.java:122)
	at org.openqa.selenium.remote.http.W3CHttpResponseCodec.decode(W3CHttpResponseCodec.java:49)
	at org.openqa.selenium.remote.HttpCommandExecutor.execute(HttpCommandExecutor.java:158)
	at org.openqa.selenium.remote.service.DriverCommandExecutor.execute(DriverCommandExecutor.java:83)
	at org.openqa.selenium.remote.RemoteWebDriver.execute(RemoteWebDriver.java:552)
	at org.openqa.selenium.remote.RemoteWebElement.execute(RemoteWebElement.java:285)
	at org.openqa.selenium.remote.RemoteWebElement.click(RemoteWebElement.java:84)
	at org.openqa.selenium.support.pagefactory.internal.LocatingElementHandler.invoke(LocatingElementHandler.java:51)
	at jdk.proxy2/jdk.proxy2.$Proxy10.click(Unknown Source)
	at com.axess.ai.automation.page.objects.UserRolesPage.verifyCreateAndDeleteRole(UserRolesPage.java:79)
	at com.axess.ai.automation.testcases.UserRolesPageTest.validateCreateAndDeleteRole(UserRolesPageTest.java:43)
	at java.base/java.util.ArrayList.forEach(ArrayList.java:1511)
	at com.axess.ai.automation.testcases.RunTest.main(RunTest.java:36)
... Removed 32 stack frames</div></td></tr></table><p class="totop"><a href="#summary">back to summary</a></p>
<h3 id="m34">com.axess.ai.automation.testcases.UserRolesPageTest#validateCurrentUrl</h3><table class="result"><tr><th class="invisible"/></tr></table><p class="totop"><a href="#summary">back to summary</a></p>
<h3 id="m35">com.axess.ai.automation.testcases.UserRolesPageTest#validateManageRoles</h3><table class="result"><tr><th class="invisible"/></tr></table><p class="totop"><a href="#summary">back to summary</a></p>
<h3 id="m36">com.axess.ai.automation.testcases.UserRolesPageTest#validatePageHeading</h3><table class="result"><tr><th class="invisible"/></tr></table><p class="totop"><a href="#summary">back to summary</a></p>
<h3 id="m37">com.axess.ai.automation.testcases.UserRolesPageTest#validateRoles</h3><table class="result"><tr><th class="invisible"/></tr></table><p class="totop"><a href="#summary">back to summary</a></p>
<h2>Test Device And Module</h2><h3 id="m38">com.axess.ai.automation.testcases.DeviceAndModulesPageTest#validateAllBtns</h3><table class="result"><tr><th>Exception</th></tr><tr><td><div class="stacktrace">org.openqa.selenium.NoSuchElementException: no such element: Unable to locate element: {&quot;method&quot;:&quot;xpath&quot;,&quot;selector&quot;:&quot;//span[contains(text(),&apos;NORTH ZONE&apos;)]&quot;}
  (Session info: chrome=96.0.4664.45)
For documentation on this error, please visit: https://www.seleniumhq.org/exceptions/no_such_element.html
Build info: version: &apos;3.141.59&apos;, revision: &apos;e82be7d358&apos;, time: &apos;2018-11-14T08:25:53&apos;
System info: host: &apos;DESKTOP-R70CA4D&apos;, ip: &apos;192.168.0.106&apos;, os.name: &apos;Windows 10&apos;, os.arch: &apos;amd64&apos;, os.version: &apos;10.0&apos;, java.version: &apos;16.0.2&apos;
Driver info: org.openqa.selenium.chrome.ChromeDriver
Capabilities {acceptInsecureCerts: false, browserName: chrome, browserVersion: 96.0.4664.45, chrome: {chromedriverVersion: 96.0.4664.45 (76e4c1bb2ab46..., userDataDir: C:\Users\yachna\AppData\Loc...}, goog:chromeOptions: {debuggerAddress: localhost:58188}, javascriptEnabled: true, networkConnectionEnabled: false, pageLoadStrategy: normal, platform: WINDOWS, platformName: WINDOWS, proxy: Proxy(), setWindowRect: true, strictFileInteractability: false, timeouts: {implicit: 0, pageLoad: 300000, script: 30000}, unhandledPromptBehavior: dismiss and notify, webauthn:extension:credBlob: true, webauthn:extension:largeBlob: true, webauthn:virtualAuthenticators: true}
Session ID: f3bcc9a1091228c2fbb219c5e2531882
*** Element info: {Using=xpath, value=//span[contains(text(),&apos;NORTH ZONE&apos;)]}
	at org.openqa.selenium.remote.http.W3CHttpResponseCodec.createException(W3CHttpResponseCodec.java:187)
	at org.openqa.selenium.remote.http.W3CHttpResponseCodec.decode(W3CHttpResponseCodec.java:122)
	at org.openqa.selenium.remote.http.W3CHttpResponseCodec.decode(W3CHttpResponseCodec.java:49)
	at org.openqa.selenium.remote.HttpCommandExecutor.execute(HttpCommandExecutor.java:158)
	at org.openqa.selenium.remote.service.DriverCommandExecutor.execute(DriverCommandExecutor.java:83)
	at org.openqa.selenium.remote.RemoteWebDriver.execute(RemoteWebDriver.java:552)
	at org.openqa.selenium.remote.RemoteWebDriver.findElement(RemoteWebDriver.java:323)
	at org.openqa.selenium.remote.RemoteWebDriver.findElementByXPath(RemoteWebDriver.java:428)
	at org.openqa.selenium.By$ByXPath.findElement(By.java:353)
	at org.openqa.selenium.remote.RemoteWebDriver.findElement(RemoteWebDriver.java:315)
	at org.openqa.selenium.support.pagefactory.DefaultElementLocator.findElement(DefaultElementLocator.java:69)
	at org.openqa.selenium.support.pagefactory.internal.LocatingElementHandler.invoke(LocatingElementHandler.java:38)
	at jdk.proxy2/jdk.proxy2.$Proxy10.click(Unknown Source)
	at com.axess.ai.automation.page.objects.DeviceAndModulesPage.verifyAllBtns(DeviceAndModulesPage.java:49)
	at com.axess.ai.automation.testcases.DeviceAndModulesPageTest.validateAllBtns(DeviceAndModulesPageTest.java:65)
	at java.base/java.util.ArrayList.forEach(ArrayList.java:1511)
	at com.axess.ai.automation.testcases.RunTest.main(RunTest.java:36)
... Removed 29 stack frames</div></td></tr></table><p class="totop"><a href="#summary">back to summary</a></p>
<h3 id="m39">com.axess.ai.automation.testcases.DeviceAndModulesPageTest#validateClickOnSystemUserModule</h3><table class="result"><tr><th class="invisible"/></tr></table><p class="totop"><a href="#summary">back to summary</a></p>
<h3 id="m40">com.axess.ai.automation.testcases.DeviceAndModulesPageTest#validateCurrentUrl</h3><table class="result"><tr><th class="invisible"/></tr></table><p class="totop"><a href="#summary">back to summary</a></p>
<h3 id="m41">com.axess.ai.automation.testcases.DeviceAndModulesPageTest#validatePageHeading</h3><table class="result"><tr><th class="invisible"/></tr></table><p class="totop"><a href="#summary">back to summary</a></p>
<h2>Test Templates</h2><h3 id="m42">com.axess.ai.automation.testcases.TemplatesPageTest#validateDeviceTemplate</h3><table class="result"><tr><th>Exception</th></tr><tr><td><div class="stacktrace">org.openqa.selenium.NoSuchElementException: no such element: Unable to locate element: {&quot;method&quot;:&quot;xpath&quot;,&quot;selector&quot;:&quot;//div[contains(text(),&apos;Add Device Template&apos;)]&quot;}
  (Session info: chrome=96.0.4664.45)
For documentation on this error, please visit: https://www.seleniumhq.org/exceptions/no_such_element.html
Build info: version: &apos;3.141.59&apos;, revision: &apos;e82be7d358&apos;, time: &apos;2018-11-14T08:25:53&apos;
System info: host: &apos;DESKTOP-R70CA4D&apos;, ip: &apos;192.168.0.106&apos;, os.name: &apos;Windows 10&apos;, os.arch: &apos;amd64&apos;, os.version: &apos;10.0&apos;, java.version: &apos;16.0.2&apos;
Driver info: org.openqa.selenium.chrome.ChromeDriver
Capabilities {acceptInsecureCerts: false, browserName: chrome, browserVersion: 96.0.4664.45, chrome: {chromedriverVersion: 96.0.4664.45 (76e4c1bb2ab46..., userDataDir: C:\Users\yachna\AppData\Loc...}, goog:chromeOptions: {debuggerAddress: localhost:58234}, javascriptEnabled: true, networkConnectionEnabled: false, pageLoadStrategy: normal, platform: WINDOWS, platformName: WINDOWS, proxy: Proxy(), setWindowRect: true, strictFileInteractability: false, timeouts: {implicit: 0, pageLoad: 300000, script: 30000}, unhandledPromptBehavior: dismiss and notify, webauthn:extension:credBlob: true, webauthn:extension:largeBlob: true, webauthn:virtualAuthenticators: true}
Session ID: 6667186f0abaa552ae65ce15b28c44d6
*** Element info: {Using=xpath, value=//div[contains(text(),&apos;Add Device Template&apos;)]}
	at org.openqa.selenium.remote.http.W3CHttpResponseCodec.createException(W3CHttpResponseCodec.java:187)
	at org.openqa.selenium.remote.http.W3CHttpResponseCodec.decode(W3CHttpResponseCodec.java:122)
	at org.openqa.selenium.remote.http.W3CHttpResponseCodec.decode(W3CHttpResponseCodec.java:49)
	at org.openqa.selenium.remote.HttpCommandExecutor.execute(HttpCommandExecutor.java:158)
	at org.openqa.selenium.remote.service.DriverCommandExecutor.execute(DriverCommandExecutor.java:83)
	at org.openqa.selenium.remote.RemoteWebDriver.execute(RemoteWebDriver.java:552)
	at org.openqa.selenium.remote.RemoteWebDriver.findElement(RemoteWebDriver.java:323)
	at org.openqa.selenium.remote.RemoteWebDriver.findElementByXPath(RemoteWebDriver.java:428)
	at org.openqa.selenium.By$ByXPath.findElement(By.java:353)
	at org.openqa.selenium.remote.RemoteWebDriver.findElement(RemoteWebDriver.java:315)
	at org.openqa.selenium.support.pagefactory.DefaultElementLocator.findElement(DefaultElementLocator.java:69)
	at org.openqa.selenium.support.pagefactory.internal.LocatingElementHandler.invoke(LocatingElementHandler.java:38)
	at jdk.proxy2/jdk.proxy2.$Proxy10.click(Unknown Source)
	at com.axess.ai.automation.page.objects.TemplatesPage.verifyDeviceTemplate(TemplatesPage.java:435)
	at com.axess.ai.automation.testcases.TemplatesPageTest.validateDeviceTemplate(TemplatesPageTest.java:105)
	at java.base/java.util.ArrayList.forEach(ArrayList.java:1511)
	at com.axess.ai.automation.testcases.RunTest.main(RunTest.java:36)
... Removed 29 stack frames</div></td></tr></table><p class="totop"><a href="#summary">back to summary</a></p>
<h3 id="m43">com.axess.ai.automation.testcases.TemplatesPageTest#validateClusterTemplate</h3><table class="result"><tr><th class="invisible"/></tr></table><p class="totop"><a href="#summary">back to summary</a></p>
<h3 id="m44">com.axess.ai.automation.testcases.TemplatesPageTest#validateCurrentUrl</h3><table class="result"><tr><th class="invisible"/></tr></table><p class="totop"><a href="#summary">back to summary</a></p>
<h3 id="m45">com.axess.ai.automation.testcases.TemplatesPageTest#validateEventField</h3><table class="result"><tr><th class="invisible"/></tr></table><p class="totop"><a href="#summary">back to summary</a></p>
<h3 id="m46">com.axess.ai.automation.testcases.TemplatesPageTest#validateEventTemplate</h3><table class="result"><tr><th class="invisible"/></tr></table><p class="totop"><a href="#summary">back to summary</a></p>
<h3 id="m47">com.axess.ai.automation.testcases.TemplatesPageTest#validateModuleTemplate</h3><table class="result"><tr><th class="invisible"/></tr></table><p class="totop"><a href="#summary">back to summary</a></p>
<h3 id="m48">com.axess.ai.automation.testcases.TemplatesPageTest#validateModuleType</h3><table class="result"><tr><th class="invisible"/></tr></table><p class="totop"><a href="#summary">back to summary</a></p>
<h3 id="m49">com.axess.ai.automation.testcases.TemplatesPageTest#validateNetworkField</h3><table class="result"><tr><th class="invisible"/></tr></table><p class="totop"><a href="#summary">back to summary</a></p>
<h3 id="m50">com.axess.ai.automation.testcases.TemplatesPageTest#validatePageHeading</h3><table class="result"><tr><th class="invisible"/></tr></table><p class="totop"><a href="#summary">back to summary</a></p>
<h3 id="m51">com.axess.ai.automation.testcases.TemplatesPageTest#validatePanelTemplate</h3><table class="result"><tr><th class="invisible"/></tr></table><p class="totop"><a href="#summary">back to summary</a></p>
<h3 id="m52">com.axess.ai.automation.testcases.TemplatesPageTest#validateSettingField</h3><table class="result"><tr><th class="invisible"/></tr></table><p class="totop"><a href="#summary">back to summary</a></p>
<h3 id="m53">com.axess.ai.automation.testcases.TemplatesPageTest#validateSettingTemplate</h3><table class="result"><tr><th class="invisible"/></tr></table><p class="totop"><a href="#summary">back to summary</a></p>
<h3 id="m54">com.axess.ai.automation.testcases.TemplatesPageTest#validateTemplates</h3><table class="result"><tr><th class="invisible"/></tr></table><p class="totop"><a href="#summary">back to summary</a></p>
<h2>Test Entities</h2><h3 id="m55">com.axess.ai.automation.testcases.EntitiesPageTest#validateCurrentUrl</h3><table class="result"><tr><th class="invisible"/></tr></table><p class="totop"><a href="#summary">back to summary</a></p>
<h3 id="m56">com.axess.ai.automation.testcases.EntitiesPageTest#validateEntities</h3><table class="result"><tr><th class="invisible"/></tr></table><p class="totop"><a href="#summary">back to summary</a></p>
<h3 id="m57">com.axess.ai.automation.testcases.EntitiesPageTest#validatePageHeading</h3><table class="result"><tr><th class="invisible"/></tr></table><p class="totop"><a href="#summary">back to summary</a></p>
<h2>Test Access Control</h2><h3 id="m58">com.axess.ai.automation.testcases.AccessControlPageTest#validateClickOnSystemUserModule</h3><table class="result"><tr><th class="invisible"/></tr></table><p class="totop"><a href="#summary">back to summary</a></p>
<h3 id="m59">com.axess.ai.automation.testcases.AccessControlPageTest#validatePageHeading</h3><table class="result"><tr><th class="invisible"/></tr></table><p class="totop"><a href="#summary">back to summary</a></p>
<h3 id="m60">com.axess.ai.automation.testcases.AccessControlPageTest#validatePageUrl</h3><table class="result"><tr><th class="invisible"/></tr></table><p class="totop"><a href="#summary">back to summary</a></p>
</body>
</html>
