<?xml version="1.0" encoding="UTF-8"?>
<testng-results ignored="0" total="61" passed="58" failed="3" skipped="0">
  <reporter-output>
  </reporter-output>
  <suite started-at="2021-12-14T19:51:37 IST" name="Suite" finished-at="2021-12-14T20:07:10 IST" duration-ms="933174">
    <groups>
    </groups>
    <test started-at="2021-12-14T19:51:37 IST" name="Test Login" finished-at="2021-12-14T19:51:47 IST" duration-ms="10796">
      <class name="com.axess.ai.automation.testcases.LoginPageTest">
        <test-method is-config="true" signature="setup()[pri:0, instance:com.axess.ai.automation.testcases.LoginPageTest@5c5eefef]" started-at="2021-12-14T19:51:37 IST" name="setup" finished-at="2021-12-14T19:51:42 IST" duration-ms="4979" status="PASS">
          <reporter-output>
          </reporter-output>
        </test-method> <!-- setup -->
        <test-method signature="validateUrl()[pri:1, instance:com.axess.ai.automation.testcases.LoginPageTest@5c5eefef]" started-at="2021-12-14T19:51:42 IST" name="validateUrl" finished-at="2021-12-14T19:51:42 IST" duration-ms="91" status="PASS">
          <reporter-output>
          </reporter-output>
        </test-method> <!-- validateUrl -->
        <test-method signature="loginwithcredentials()[pri:2, instance:com.axess.ai.automation.testcases.LoginPageTest@5c5eefef]" started-at="2021-12-14T19:51:42 IST" name="loginwithcredentials" finished-at="2021-12-14T19:51:46 IST" duration-ms="4347" status="PASS">
          <reporter-output>
          </reporter-output>
        </test-method> <!-- loginwithcredentials -->
        <test-method signature="validateclickOnLogin()[pri:3, instance:com.axess.ai.automation.testcases.LoginPageTest@5c5eefef]" started-at="2021-12-14T19:51:46 IST" name="validateclickOnLogin" finished-at="2021-12-14T19:51:46 IST" duration-ms="115" status="PASS">
          <reporter-output>
          </reporter-output>
        </test-method> <!-- validateclickOnLogin -->
        <test-method signature="validateTitle()[pri:4, instance:com.axess.ai.automation.testcases.LoginPageTest@5c5eefef]" started-at="2021-12-14T19:51:46 IST" name="validateTitle" finished-at="2021-12-14T19:51:46 IST" duration-ms="19" status="PASS">
          <reporter-output>
          </reporter-output>
        </test-method> <!-- validateTitle -->
        <test-method is-config="true" signature="tearDown()[pri:0, instance:com.axess.ai.automation.testcases.LoginPageTest@5c5eefef]" started-at="2021-12-14T19:51:46 IST" name="tearDown" finished-at="2021-12-14T19:51:47 IST" duration-ms="1179" status="PASS">
          <reporter-output>
          </reporter-output>
        </test-method> <!-- tearDown -->
      </class> <!-- com.axess.ai.automation.testcases.LoginPageTest -->
    </test> <!-- Test Login -->
    <test started-at="2021-12-14T19:51:47 IST" name="Test Dashboard" finished-at="2021-12-14T19:52:27 IST" duration-ms="39542">
      <class name="com.axess.ai.automation.testcases.DashboardPageTest">
        <test-method is-config="true" signature="setup()[pri:0, instance:com.axess.ai.automation.testcases.DashboardPageTest@41d477ed]" started-at="2021-12-14T19:51:47 IST" name="setup" finished-at="2021-12-14T19:51:56 IST" duration-ms="8444" status="PASS">
          <reporter-output>
          </reporter-output>
        </test-method> <!-- setup -->
        <test-method signature="validatePageTitle()[pri:1, instance:com.axess.ai.automation.testcases.DashboardPageTest@41d477ed]" started-at="2021-12-14T19:51:56 IST" name="validatePageTitle" finished-at="2021-12-14T19:51:58 IST" duration-ms="2406" status="PASS">
          <reporter-output>
          </reporter-output>
        </test-method> <!-- validatePageTitle -->
        <test-method signature="validatePageUrl()[pri:1, instance:com.axess.ai.automation.testcases.DashboardPageTest@41d477ed]" started-at="2021-12-14T19:51:58 IST" name="validatePageUrl" finished-at="2021-12-14T19:52:00 IST" duration-ms="2044" status="PASS">
          <reporter-output>
          </reporter-output>
        </test-method> <!-- validatePageUrl -->
        <test-method signature="validateAccessManagerModule()[pri:2, instance:com.axess.ai.automation.testcases.DashboardPageTest@41d477ed]" started-at="2021-12-14T19:52:00 IST" name="validateAccessManagerModule" finished-at="2021-12-14T19:52:01 IST" duration-ms="1107" status="PASS">
          <reporter-output>
          </reporter-output>
        </test-method> <!-- validateAccessManagerModule -->
        <test-method signature="validateDeviceAndModule()[pri:2, instance:com.axess.ai.automation.testcases.DashboardPageTest@41d477ed]" started-at="2021-12-14T19:52:01 IST" name="validateDeviceAndModule" finished-at="2021-12-14T19:52:05 IST" duration-ms="3083" status="PASS">
          <reporter-output>
          </reporter-output>
        </test-method> <!-- validateDeviceAndModule -->
        <test-method signature="validateHelpAndFeedbackModule()[pri:2, instance:com.axess.ai.automation.testcases.DashboardPageTest@41d477ed]" started-at="2021-12-14T19:52:05 IST" name="validateHelpAndFeedbackModule" finished-at="2021-12-14T19:52:06 IST" duration-ms="1088" status="PASS">
          <reporter-output>
          </reporter-output>
        </test-method> <!-- validateHelpAndFeedbackModule -->
        <test-method signature="validateLocationModule()[pri:2, instance:com.axess.ai.automation.testcases.DashboardPageTest@41d477ed]" started-at="2021-12-14T19:52:06 IST" name="validateLocationModule" finished-at="2021-12-14T19:52:09 IST" duration-ms="3083" status="PASS">
          <reporter-output>
          </reporter-output>
        </test-method> <!-- validateLocationModule -->
        <test-method signature="validateMapModule()[pri:2, instance:com.axess.ai.automation.testcases.DashboardPageTest@41d477ed]" started-at="2021-12-14T19:52:09 IST" name="validateMapModule" finished-at="2021-12-14T19:52:10 IST" duration-ms="1100" status="PASS">
          <reporter-output>
          </reporter-output>
        </test-method> <!-- validateMapModule -->
        <test-method signature="validatePageHeading()[pri:2, instance:com.axess.ai.automation.testcases.DashboardPageTest@41d477ed]" started-at="2021-12-14T19:52:10 IST" name="validatePageHeading" finished-at="2021-12-14T19:52:12 IST" duration-ms="2081" status="PASS">
          <reporter-output>
          </reporter-output>
        </test-method> <!-- validatePageHeading -->
        <test-method signature="validateReportAndAnalyticsModule()[pri:2, instance:com.axess.ai.automation.testcases.DashboardPageTest@41d477ed]" started-at="2021-12-14T19:52:12 IST" name="validateReportAndAnalyticsModule" finished-at="2021-12-14T19:52:13 IST" duration-ms="1088" status="PASS">
          <reporter-output>
          </reporter-output>
        </test-method> <!-- validateReportAndAnalyticsModule -->
        <test-method signature="validateRuleEngineModule()[pri:2, instance:com.axess.ai.automation.testcases.DashboardPageTest@41d477ed]" started-at="2021-12-14T19:52:13 IST" name="validateRuleEngineModule" finished-at="2021-12-14T19:52:16 IST" duration-ms="3079" status="PASS">
          <reporter-output>
          </reporter-output>
        </test-method> <!-- validateRuleEngineModule -->
        <test-method signature="validateSiteSettingModule()[pri:2, instance:com.axess.ai.automation.testcases.DashboardPageTest@41d477ed]" started-at="2021-12-14T19:52:16 IST" name="validateSiteSettingModule" finished-at="2021-12-14T19:52:17 IST" duration-ms="1087" status="PASS">
          <reporter-output>
          </reporter-output>
        </test-method> <!-- validateSiteSettingModule -->
        <test-method signature="validateSystemUserModule()[pri:2, instance:com.axess.ai.automation.testcases.DashboardPageTest@41d477ed]" started-at="2021-12-14T19:52:17 IST" name="validateSystemUserModule" finished-at="2021-12-14T19:52:20 IST" duration-ms="3086" status="PASS">
          <reporter-output>
          </reporter-output>
        </test-method> <!-- validateSystemUserModule -->
        <test-method signature="validateRootLocation()[pri:3, instance:com.axess.ai.automation.testcases.DashboardPageTest@41d477ed]" started-at="2021-12-14T19:52:20 IST" name="validateRootLocation" finished-at="2021-12-14T19:52:23 IST" duration-ms="3170" status="PASS">
          <reporter-output>
          </reporter-output>
        </test-method> <!-- validateRootLocation -->
        <test-method signature="validateLogoutdropdown()[pri:4, instance:com.axess.ai.automation.testcases.DashboardPageTest@41d477ed]" started-at="2021-12-14T19:52:23 IST" name="validateLogoutdropdown" finished-at="2021-12-14T19:52:25 IST" duration-ms="1166" status="PASS">
          <reporter-output>
          </reporter-output>
        </test-method> <!-- validateLogoutdropdown -->
        <test-method signature="validateLogoutLink()[pri:5, instance:com.axess.ai.automation.testcases.DashboardPageTest@41d477ed]" started-at="2021-12-14T19:52:25 IST" name="validateLogoutLink" finished-at="2021-12-14T19:52:27 IST" duration-ms="2160" status="PASS">
          <reporter-output>
          </reporter-output>
        </test-method> <!-- validateLogoutLink -->
        <test-method is-config="true" signature="tearDown()[pri:0, instance:com.axess.ai.automation.testcases.DashboardPageTest@41d477ed]" started-at="2021-12-14T19:52:27 IST" name="tearDown" finished-at="2021-12-14T19:52:27 IST" duration-ms="249" status="PASS">
          <reporter-output>
          </reporter-output>
        </test-method> <!-- tearDown -->
      </class> <!-- com.axess.ai.automation.testcases.DashboardPageTest -->
    </test> <!-- Test Dashboard -->
    <test started-at="2021-12-14T19:52:27 IST" name="Test SystemUsers" finished-at="2021-12-14T19:54:16 IST" duration-ms="109447">
      <class name="com.axess.ai.automation.testcases.SystemUsersPageTest">
        <test-method is-config="true" signature="setup()[pri:0, instance:com.axess.ai.automation.testcases.SystemUsersPageTest@51399530]" started-at="2021-12-14T19:52:27 IST" name="setup" finished-at="2021-12-14T19:52:36 IST" duration-ms="8647" status="PASS">
          <reporter-output>
          </reporter-output>
        </test-method> <!-- setup -->
        <test-method signature="validateClickOnSystemUserModule()[pri:1, instance:com.axess.ai.automation.testcases.SystemUsersPageTest@51399530]" started-at="2021-12-14T19:52:36 IST" name="validateClickOnSystemUserModule" finished-at="2021-12-14T19:52:38 IST" duration-ms="2499" status="PASS">
          <reporter-output>
          </reporter-output>
        </test-method> <!-- validateClickOnSystemUserModule -->
        <test-method signature="validatePageHeading()[pri:2, instance:com.axess.ai.automation.testcases.SystemUsersPageTest@51399530]" started-at="2021-12-14T19:52:38 IST" name="validatePageHeading" finished-at="2021-12-14T19:52:39 IST" duration-ms="1042" status="PASS">
          <reporter-output>
          </reporter-output>
        </test-method> <!-- validatePageHeading -->
        <test-method signature="validatePageUrl()[pri:2, instance:com.axess.ai.automation.testcases.SystemUsersPageTest@51399530]" started-at="2021-12-14T19:52:39 IST" name="validatePageUrl" finished-at="2021-12-14T19:52:39 IST" duration-ms="20" status="PASS">
          <reporter-output>
          </reporter-output>
        </test-method> <!-- validatePageUrl -->
        <test-method signature="validateAPIKeys()[pri:3, instance:com.axess.ai.automation.testcases.SystemUsersPageTest@51399530]" started-at="2021-12-14T19:52:39 IST" name="validateAPIKeys" finished-at="2021-12-14T19:52:41 IST" duration-ms="2219" status="PASS">
          <reporter-output>
          </reporter-output>
        </test-method> <!-- validateAPIKeys -->
        <test-method signature="validateAdministratorUser()[pri:3, instance:com.axess.ai.automation.testcases.SystemUsersPageTest@51399530]" started-at="2021-12-14T19:52:41 IST" name="validateAdministratorUser" finished-at="2021-12-14T19:52:45 IST" duration-ms="3171" status="PASS">
          <reporter-output>
          </reporter-output>
        </test-method> <!-- validateAdministratorUser -->
        <test-method signature="validateadminexistingRoles()[pri:3, instance:com.axess.ai.automation.testcases.SystemUsersPageTest@51399530]" started-at="2021-12-14T19:52:45 IST" name="validateadminexistingRoles" finished-at="2021-12-14T19:53:00 IST" duration-ms="15473" status="PASS">
          <reporter-output>
          </reporter-output>
        </test-method> <!-- validateadminexistingRoles -->
        <test-method signature="validateInstallationUser()[pri:4, instance:com.axess.ai.automation.testcases.SystemUsersPageTest@51399530]" started-at="2021-12-14T19:53:00 IST" name="validateInstallationUser" finished-at="2021-12-14T19:53:05 IST" duration-ms="5166" status="PASS">
          <reporter-output>
          </reporter-output>
        </test-method> <!-- validateInstallationUser -->
        <test-method signature="validateOrganizationUser()[pri:5, instance:com.axess.ai.automation.testcases.SystemUsersPageTest@51399530]" started-at="2021-12-14T19:53:05 IST" name="validateOrganizationUser" finished-at="2021-12-14T19:53:10 IST" duration-ms="5176" status="PASS">
          <reporter-output>
          </reporter-output>
        </test-method> <!-- validateOrganizationUser -->
        <test-method signature="validateAllUsers()[pri:6, instance:com.axess.ai.automation.testcases.SystemUsersPageTest@51399530]" started-at="2021-12-14T19:53:10 IST" name="validateAllUsers" finished-at="2021-12-14T19:53:16 IST" duration-ms="5203" status="PASS">
          <reporter-output>
          </reporter-output>
        </test-method> <!-- validateAllUsers -->
        <test-method signature="validateManageRoles()[pri:7, instance:com.axess.ai.automation.testcases.SystemUsersPageTest@51399530]" started-at="2021-12-14T19:53:16 IST" name="validateManageRoles" finished-at="2021-12-14T19:53:22 IST" duration-ms="6325" status="PASS">
          <reporter-output>
          </reporter-output>
        </test-method> <!-- validateManageRoles -->
        <test-method signature="validateAddNewUserAndDelete()[pri:9, instance:com.axess.ai.automation.testcases.SystemUsersPageTest@51399530]" started-at="2021-12-14T19:53:22 IST" name="validateAddNewUserAndDelete" finished-at="2021-12-14T19:54:16 IST" duration-ms="54244" status="PASS">
          <reporter-output>
          </reporter-output>
        </test-method> <!-- validateAddNewUserAndDelete -->
        <test-method is-config="true" signature="tearDown()[pri:0, instance:com.axess.ai.automation.testcases.SystemUsersPageTest@51399530]" started-at="2021-12-14T19:54:16 IST" name="tearDown" finished-at="2021-12-14T19:54:16 IST" duration-ms="250" status="PASS">
          <reporter-output>
          </reporter-output>
        </test-method> <!-- tearDown -->
      </class> <!-- com.axess.ai.automation.testcases.SystemUsersPageTest -->
    </test> <!-- Test SystemUsers -->
    <test started-at="2021-12-14T19:54:16 IST" name="Test Locations" finished-at="2021-12-14T19:54:29 IST" duration-ms="12409">
      <class name="com.axess.ai.automation.testcases.LocationPageTest">
        <test-method is-config="true" signature="setup()[pri:0, instance:com.axess.ai.automation.testcases.LocationPageTest@3754a4bf]" started-at="2021-12-14T19:54:16 IST" name="setup" finished-at="2021-12-14T19:54:25 IST" duration-ms="8778" status="PASS">
          <reporter-output>
          </reporter-output>
        </test-method> <!-- setup -->
        <test-method signature="validateClickOnLocationModule()[pri:1, instance:com.axess.ai.automation.testcases.LocationPageTest@3754a4bf]" started-at="2021-12-14T19:54:25 IST" name="validateClickOnLocationModule" finished-at="2021-12-14T19:54:28 IST" duration-ms="2341" status="PASS">
          <reporter-output>
          </reporter-output>
        </test-method> <!-- validateClickOnLocationModule -->
        <test-method signature="validateCurrentUrl()[pri:2, instance:com.axess.ai.automation.testcases.LocationPageTest@3754a4bf]" started-at="2021-12-14T19:54:28 IST" name="validateCurrentUrl" finished-at="2021-12-14T19:54:28 IST" duration-ms="11" status="PASS">
          <reporter-output>
          </reporter-output>
        </test-method> <!-- validateCurrentUrl -->
        <test-method signature="validatePageHeading()[pri:2, instance:com.axess.ai.automation.testcases.LocationPageTest@3754a4bf]" started-at="2021-12-14T19:54:28 IST" name="validatePageHeading" finished-at="2021-12-14T19:54:29 IST" duration-ms="1042" status="PASS">
          <reporter-output>
          </reporter-output>
        </test-method> <!-- validatePageHeading -->
        <test-method is-config="true" signature="tearDown()[pri:0, instance:com.axess.ai.automation.testcases.LocationPageTest@3754a4bf]" started-at="2021-12-14T19:54:29 IST" name="tearDown" finished-at="2021-12-14T19:54:29 IST" duration-ms="234" status="PASS">
          <reporter-output>
          </reporter-output>
        </test-method> <!-- tearDown -->
      </class> <!-- com.axess.ai.automation.testcases.LocationPageTest -->
    </test> <!-- Test Locations -->
    <test started-at="2021-12-14T19:54:29 IST" name="Test UserRoles" finished-at="2021-12-14T19:55:38 IST" duration-ms="69234">
      <class name="com.axess.ai.automation.testcases.UserRolesPageTest">
        <test-method is-config="true" signature="setup()[pri:0, instance:com.axess.ai.automation.testcases.UserRolesPageTest@1d296da]" started-at="2021-12-14T19:54:29 IST" name="setup" finished-at="2021-12-14T19:54:37 IST" duration-ms="8072" status="PASS">
          <reporter-output>
          </reporter-output>
        </test-method> <!-- setup -->
        <test-method signature="validateManageRoles()[pri:1, instance:com.axess.ai.automation.testcases.UserRolesPageTest@1d296da]" started-at="2021-12-14T19:54:37 IST" name="validateManageRoles" finished-at="2021-12-14T19:54:48 IST" duration-ms="10579" status="PASS">
          <reporter-output>
          </reporter-output>
        </test-method> <!-- validateManageRoles -->
        <test-method signature="validateCurrentUrl()[pri:2, instance:com.axess.ai.automation.testcases.UserRolesPageTest@1d296da]" started-at="2021-12-14T19:54:48 IST" name="validateCurrentUrl" finished-at="2021-12-14T19:54:48 IST" duration-ms="16" status="PASS">
          <reporter-output>
          </reporter-output>
        </test-method> <!-- validateCurrentUrl -->
        <test-method signature="validatePageHeading()[pri:2, instance:com.axess.ai.automation.testcases.UserRolesPageTest@1d296da]" started-at="2021-12-14T19:54:48 IST" name="validatePageHeading" finished-at="2021-12-14T19:54:49 IST" duration-ms="1054" status="PASS">
          <reporter-output>
          </reporter-output>
        </test-method> <!-- validatePageHeading -->
        <test-method signature="validateRoles()[pri:3, instance:com.axess.ai.automation.testcases.UserRolesPageTest@1d296da]" started-at="2021-12-14T19:54:49 IST" name="validateRoles" finished-at="2021-12-14T19:55:04 IST" duration-ms="15147" status="PASS">
          <reporter-output>
          </reporter-output>
        </test-method> <!-- validateRoles -->
        <test-method signature="validateCreateAndDeleteRole()[pri:4, instance:com.axess.ai.automation.testcases.UserRolesPageTest@1d296da]" started-at="2021-12-14T19:55:04 IST" name="validateCreateAndDeleteRole" finished-at="2021-12-14T19:55:38 IST" duration-ms="33886" status="FAIL">
          <exception class="org.openqa.selenium.ElementNotInteractableException">
            <message>
              <![CDATA[element not interactable: element has zero size
  (Session info: chrome=96.0.4664.45)
Build info: version: '3.141.59', revision: 'e82be7d358', time: '2018-11-14T08:25:53'
System info: host: 'DESKTOP-R70CA4D', ip: '192.168.0.106', os.name: 'Windows 10', os.arch: 'amd64', os.version: '10.0', java.version: '16.0.2'
Driver info: org.openqa.selenium.chrome.ChromeDriver
Capabilities {acceptInsecureCerts: false, browserName: chrome, browserVersion: 96.0.4664.45, chrome: {chromedriverVersion: 96.0.4664.45 (76e4c1bb2ab46..., userDataDir: C:\Users\yachna\AppData\Loc...}, goog:chromeOptions: {debuggerAddress: localhost:65470}, javascriptEnabled: true, networkConnectionEnabled: false, pageLoadStrategy: normal, platform: WINDOWS, platformName: WINDOWS, proxy: Proxy(), setWindowRect: true, strictFileInteractability: false, timeouts: {implicit: 0, pageLoad: 300000, script: 30000}, unhandledPromptBehavior: dismiss and notify, webauthn:extension:credBlob: true, webauthn:extension:largeBlob: true, webauthn:virtualAuthenticators: true}
Session ID: 85fda3f2cf6fd3572d9026a33bdea205]]>
            </message>
            <full-stacktrace>
              <![CDATA[org.openqa.selenium.ElementNotInteractableException: element not interactable: element has zero size
  (Session info: chrome=96.0.4664.45)
Build info: version: '3.141.59', revision: 'e82be7d358', time: '2018-11-14T08:25:53'
System info: host: 'DESKTOP-R70CA4D', ip: '192.168.0.106', os.name: 'Windows 10', os.arch: 'amd64', os.version: '10.0', java.version: '16.0.2'
Driver info: org.openqa.selenium.chrome.ChromeDriver
Capabilities {acceptInsecureCerts: false, browserName: chrome, browserVersion: 96.0.4664.45, chrome: {chromedriverVersion: 96.0.4664.45 (76e4c1bb2ab46..., userDataDir: C:\Users\yachna\AppData\Loc...}, goog:chromeOptions: {debuggerAddress: localhost:65470}, javascriptEnabled: true, networkConnectionEnabled: false, pageLoadStrategy: normal, platform: WINDOWS, platformName: WINDOWS, proxy: Proxy(), setWindowRect: true, strictFileInteractability: false, timeouts: {implicit: 0, pageLoad: 300000, script: 30000}, unhandledPromptBehavior: dismiss and notify, webauthn:extension:credBlob: true, webauthn:extension:largeBlob: true, webauthn:virtualAuthenticators: true}
Session ID: 85fda3f2cf6fd3572d9026a33bdea205
at java.base/jdk.internal.reflect.NativeConstructorAccessorImpl.newInstance0(Native Method)
at java.base/jdk.internal.reflect.NativeConstructorAccessorImpl.newInstance(NativeConstructorAccessorImpl.java:78)
at java.base/jdk.internal.reflect.DelegatingConstructorAccessorImpl.newInstance(DelegatingConstructorAccessorImpl.java:45)
at java.base/java.lang.reflect.Constructor.newInstanceWithCaller(Constructor.java:499)
at java.base/java.lang.reflect.Constructor.newInstance(Constructor.java:480)
at org.openqa.selenium.remote.http.W3CHttpResponseCodec.createException(W3CHttpResponseCodec.java:187)
at org.openqa.selenium.remote.http.W3CHttpResponseCodec.decode(W3CHttpResponseCodec.java:122)
at org.openqa.selenium.remote.http.W3CHttpResponseCodec.decode(W3CHttpResponseCodec.java:49)
at org.openqa.selenium.remote.HttpCommandExecutor.execute(HttpCommandExecutor.java:158)
at org.openqa.selenium.remote.service.DriverCommandExecutor.execute(DriverCommandExecutor.java:83)
at org.openqa.selenium.remote.RemoteWebDriver.execute(RemoteWebDriver.java:552)
at org.openqa.selenium.remote.RemoteWebElement.execute(RemoteWebElement.java:285)
at org.openqa.selenium.remote.RemoteWebElement.click(RemoteWebElement.java:84)
at jdk.internal.reflect.GeneratedMethodAccessor1.invoke(Unknown Source)
at java.base/jdk.internal.reflect.DelegatingMethodAccessorImpl.invoke(DelegatingMethodAccessorImpl.java:43)
at java.base/java.lang.reflect.Method.invoke(Method.java:567)
at org.openqa.selenium.support.pagefactory.internal.LocatingElementHandler.invoke(LocatingElementHandler.java:51)
at jdk.proxy2/jdk.proxy2.$Proxy10.click(Unknown Source)
at com.axess.ai.automation.page.objects.UserRolesPage.verifyCreateAndDeleteRole(UserRolesPage.java:79)
at com.axess.ai.automation.testcases.UserRolesPageTest.validateCreateAndDeleteRole(UserRolesPageTest.java:43)
at java.base/jdk.internal.reflect.NativeMethodAccessorImpl.invoke0(Native Method)
at java.base/jdk.internal.reflect.NativeMethodAccessorImpl.invoke(NativeMethodAccessorImpl.java:78)
at java.base/jdk.internal.reflect.DelegatingMethodAccessorImpl.invoke(DelegatingMethodAccessorImpl.java:43)
at java.base/java.lang.reflect.Method.invoke(Method.java:567)
at org.testng.internal.MethodInvocationHelper.invokeMethod(MethodInvocationHelper.java:133)
at org.testng.internal.TestInvoker.invokeMethod(TestInvoker.java:598)
at org.testng.internal.TestInvoker.invokeTestMethod(TestInvoker.java:173)
at org.testng.internal.MethodRunner.runInSequence(MethodRunner.java:46)
at org.testng.internal.TestInvoker$MethodInvocationAgent.invoke(TestInvoker.java:824)
at org.testng.internal.TestInvoker.invokeTestMethods(TestInvoker.java:146)
at org.testng.internal.TestMethodWorker.invokeTestMethods(TestMethodWorker.java:146)
at org.testng.internal.TestMethodWorker.run(TestMethodWorker.java:128)
at java.base/java.util.ArrayList.forEach(ArrayList.java:1511)
at org.testng.TestRunner.privateRun(TestRunner.java:794)
at org.testng.TestRunner.run(TestRunner.java:596)
at org.testng.SuiteRunner.runTest(SuiteRunner.java:377)
at org.testng.SuiteRunner.runSequentially(SuiteRunner.java:371)
at org.testng.SuiteRunner.privateRun(SuiteRunner.java:332)
at org.testng.SuiteRunner.run(SuiteRunner.java:276)
at org.testng.SuiteRunnerWorker.runSuite(SuiteRunnerWorker.java:53)
at org.testng.SuiteRunnerWorker.run(SuiteRunnerWorker.java:96)
at org.testng.TestNG.runSuitesSequentially(TestNG.java:1212)
at org.testng.TestNG.runSuitesLocally(TestNG.java:1134)
at org.testng.TestNG.runSuites(TestNG.java:1063)
at org.testng.TestNG.run(TestNG.java:1031)
at com.axess.ai.automation.testcases.RunTest.main(RunTest.java:36)
]]>
            </full-stacktrace>
          </exception> <!-- org.openqa.selenium.ElementNotInteractableException -->
          <reporter-output>
          </reporter-output>
        </test-method> <!-- validateCreateAndDeleteRole -->
        <test-method is-config="true" signature="tearDown()[pri:0, instance:com.axess.ai.automation.testcases.UserRolesPageTest@1d296da]" started-at="2021-12-14T19:55:38 IST" name="tearDown" finished-at="2021-12-14T19:55:38 IST" duration-ms="239" status="PASS">
          <reporter-output>
          </reporter-output>
        </test-method> <!-- tearDown -->
      </class> <!-- com.axess.ai.automation.testcases.UserRolesPageTest -->
    </test> <!-- Test UserRoles -->
    <test started-at="2021-12-14T19:55:38 IST" name="Test Device And Module" finished-at="2021-12-14T19:56:06 IST" duration-ms="28334">
      <class name="com.axess.ai.automation.testcases.DeviceAndModulesPageTest">
        <test-method is-config="true" signature="setup()[pri:0, instance:com.axess.ai.automation.testcases.DeviceAndModulesPageTest@3c46e67a]" started-at="2021-12-14T19:55:38 IST" name="setup" finished-at="2021-12-14T19:55:46 IST" duration-ms="8258" status="PASS">
          <reporter-output>
          </reporter-output>
        </test-method> <!-- setup -->
        <test-method signature="validateClickOnSystemUserModule()[pri:1, instance:com.axess.ai.automation.testcases.DeviceAndModulesPageTest@3c46e67a]" started-at="2021-12-14T19:55:46 IST" name="validateClickOnSystemUserModule" finished-at="2021-12-14T19:55:52 IST" duration-ms="5466" status="PASS">
          <reporter-output>
          </reporter-output>
        </test-method> <!-- validateClickOnSystemUserModule -->
        <test-method signature="validateCurrentUrl()[pri:2, instance:com.axess.ai.automation.testcases.DeviceAndModulesPageTest@3c46e67a]" started-at="2021-12-14T19:55:52 IST" name="validateCurrentUrl" finished-at="2021-12-14T19:55:54 IST" duration-ms="2031" status="PASS">
          <reporter-output>
          </reporter-output>
        </test-method> <!-- validateCurrentUrl -->
        <test-method signature="validatePageHeading()[pri:2, instance:com.axess.ai.automation.testcases.DeviceAndModulesPageTest@3c46e67a]" started-at="2021-12-14T19:55:54 IST" name="validatePageHeading" finished-at="2021-12-14T19:55:56 IST" duration-ms="2083" status="PASS">
          <reporter-output>
          </reporter-output>
        </test-method> <!-- validatePageHeading -->
        <test-method signature="validateAllBtns()[pri:3, instance:com.axess.ai.automation.testcases.DeviceAndModulesPageTest@3c46e67a]" started-at="2021-12-14T19:55:56 IST" name="validateAllBtns" finished-at="2021-12-14T19:56:06 IST" duration-ms="10052" status="FAIL">
          <exception class="org.openqa.selenium.NoSuchElementException">
            <message>
              <![CDATA[no such element: Unable to locate element: {"method":"xpath","selector":"//span[contains(text(),'NORTH ZONE')]"}
  (Session info: chrome=96.0.4664.45)
For documentation on this error, please visit: https://www.seleniumhq.org/exceptions/no_such_element.html
Build info: version: '3.141.59', revision: 'e82be7d358', time: '2018-11-14T08:25:53'
System info: host: 'DESKTOP-R70CA4D', ip: '192.168.0.106', os.name: 'Windows 10', os.arch: 'amd64', os.version: '10.0', java.version: '16.0.2'
Driver info: org.openqa.selenium.chrome.ChromeDriver
Capabilities {acceptInsecureCerts: false, browserName: chrome, browserVersion: 96.0.4664.45, chrome: {chromedriverVersion: 96.0.4664.45 (76e4c1bb2ab46..., userDataDir: C:\Users\yachna\AppData\Loc...}, goog:chromeOptions: {debuggerAddress: localhost:58188}, javascriptEnabled: true, networkConnectionEnabled: false, pageLoadStrategy: normal, platform: WINDOWS, platformName: WINDOWS, proxy: Proxy(), setWindowRect: true, strictFileInteractability: false, timeouts: {implicit: 0, pageLoad: 300000, script: 30000}, unhandledPromptBehavior: dismiss and notify, webauthn:extension:credBlob: true, webauthn:extension:largeBlob: true, webauthn:virtualAuthenticators: true}
Session ID: f3bcc9a1091228c2fbb219c5e2531882
*** Element info: {Using=xpath, value=//span[contains(text(),'NORTH ZONE')]}]]>
            </message>
            <full-stacktrace>
              <![CDATA[org.openqa.selenium.NoSuchElementException: no such element: Unable to locate element: {"method":"xpath","selector":"//span[contains(text(),'NORTH ZONE')]"}
  (Session info: chrome=96.0.4664.45)
For documentation on this error, please visit: https://www.seleniumhq.org/exceptions/no_such_element.html
Build info: version: '3.141.59', revision: 'e82be7d358', time: '2018-11-14T08:25:53'
System info: host: 'DESKTOP-R70CA4D', ip: '192.168.0.106', os.name: 'Windows 10', os.arch: 'amd64', os.version: '10.0', java.version: '16.0.2'
Driver info: org.openqa.selenium.chrome.ChromeDriver
Capabilities {acceptInsecureCerts: false, browserName: chrome, browserVersion: 96.0.4664.45, chrome: {chromedriverVersion: 96.0.4664.45 (76e4c1bb2ab46..., userDataDir: C:\Users\yachna\AppData\Loc...}, goog:chromeOptions: {debuggerAddress: localhost:58188}, javascriptEnabled: true, networkConnectionEnabled: false, pageLoadStrategy: normal, platform: WINDOWS, platformName: WINDOWS, proxy: Proxy(), setWindowRect: true, strictFileInteractability: false, timeouts: {implicit: 0, pageLoad: 300000, script: 30000}, unhandledPromptBehavior: dismiss and notify, webauthn:extension:credBlob: true, webauthn:extension:largeBlob: true, webauthn:virtualAuthenticators: true}
Session ID: f3bcc9a1091228c2fbb219c5e2531882
*** Element info: {Using=xpath, value=//span[contains(text(),'NORTH ZONE')]}
at java.base/jdk.internal.reflect.NativeConstructorAccessorImpl.newInstance0(Native Method)
at java.base/jdk.internal.reflect.NativeConstructorAccessorImpl.newInstance(NativeConstructorAccessorImpl.java:78)
at java.base/jdk.internal.reflect.DelegatingConstructorAccessorImpl.newInstance(DelegatingConstructorAccessorImpl.java:45)
at java.base/java.lang.reflect.Constructor.newInstanceWithCaller(Constructor.java:499)
at java.base/java.lang.reflect.Constructor.newInstance(Constructor.java:480)
at org.openqa.selenium.remote.http.W3CHttpResponseCodec.createException(W3CHttpResponseCodec.java:187)
at org.openqa.selenium.remote.http.W3CHttpResponseCodec.decode(W3CHttpResponseCodec.java:122)
at org.openqa.selenium.remote.http.W3CHttpResponseCodec.decode(W3CHttpResponseCodec.java:49)
at org.openqa.selenium.remote.HttpCommandExecutor.execute(HttpCommandExecutor.java:158)
at org.openqa.selenium.remote.service.DriverCommandExecutor.execute(DriverCommandExecutor.java:83)
at org.openqa.selenium.remote.RemoteWebDriver.execute(RemoteWebDriver.java:552)
at org.openqa.selenium.remote.RemoteWebDriver.findElement(RemoteWebDriver.java:323)
at org.openqa.selenium.remote.RemoteWebDriver.findElementByXPath(RemoteWebDriver.java:428)
at org.openqa.selenium.By$ByXPath.findElement(By.java:353)
at org.openqa.selenium.remote.RemoteWebDriver.findElement(RemoteWebDriver.java:315)
at org.openqa.selenium.support.pagefactory.DefaultElementLocator.findElement(DefaultElementLocator.java:69)
at org.openqa.selenium.support.pagefactory.internal.LocatingElementHandler.invoke(LocatingElementHandler.java:38)
at jdk.proxy2/jdk.proxy2.$Proxy10.click(Unknown Source)
at com.axess.ai.automation.page.objects.DeviceAndModulesPage.verifyAllBtns(DeviceAndModulesPage.java:49)
at com.axess.ai.automation.testcases.DeviceAndModulesPageTest.validateAllBtns(DeviceAndModulesPageTest.java:65)
at java.base/jdk.internal.reflect.NativeMethodAccessorImpl.invoke0(Native Method)
at java.base/jdk.internal.reflect.NativeMethodAccessorImpl.invoke(NativeMethodAccessorImpl.java:78)
at java.base/jdk.internal.reflect.DelegatingMethodAccessorImpl.invoke(DelegatingMethodAccessorImpl.java:43)
at java.base/java.lang.reflect.Method.invoke(Method.java:567)
at org.testng.internal.MethodInvocationHelper.invokeMethod(MethodInvocationHelper.java:133)
at org.testng.internal.TestInvoker.invokeMethod(TestInvoker.java:598)
at org.testng.internal.TestInvoker.invokeTestMethod(TestInvoker.java:173)
at org.testng.internal.MethodRunner.runInSequence(MethodRunner.java:46)
at org.testng.internal.TestInvoker$MethodInvocationAgent.invoke(TestInvoker.java:824)
at org.testng.internal.TestInvoker.invokeTestMethods(TestInvoker.java:146)
at org.testng.internal.TestMethodWorker.invokeTestMethods(TestMethodWorker.java:146)
at org.testng.internal.TestMethodWorker.run(TestMethodWorker.java:128)
at java.base/java.util.ArrayList.forEach(ArrayList.java:1511)
at org.testng.TestRunner.privateRun(TestRunner.java:794)
at org.testng.TestRunner.run(TestRunner.java:596)
at org.testng.SuiteRunner.runTest(SuiteRunner.java:377)
at org.testng.SuiteRunner.runSequentially(SuiteRunner.java:371)
at org.testng.SuiteRunner.privateRun(SuiteRunner.java:332)
at org.testng.SuiteRunner.run(SuiteRunner.java:276)
at org.testng.SuiteRunnerWorker.runSuite(SuiteRunnerWorker.java:53)
at org.testng.SuiteRunnerWorker.run(SuiteRunnerWorker.java:96)
at org.testng.TestNG.runSuitesSequentially(TestNG.java:1212)
at org.testng.TestNG.runSuitesLocally(TestNG.java:1134)
at org.testng.TestNG.runSuites(TestNG.java:1063)
at org.testng.TestNG.run(TestNG.java:1031)
at com.axess.ai.automation.testcases.RunTest.main(RunTest.java:36)
]]>
            </full-stacktrace>
          </exception> <!-- org.openqa.selenium.NoSuchElementException -->
          <reporter-output>
          </reporter-output>
        </test-method> <!-- validateAllBtns -->
        <test-method is-config="true" signature="tearDown()[pri:0, instance:com.axess.ai.automation.testcases.DeviceAndModulesPageTest@3c46e67a]" started-at="2021-12-14T19:56:06 IST" name="tearDown" finished-at="2021-12-14T19:56:06 IST" duration-ms="203" status="PASS">
          <reporter-output>
          </reporter-output>
        </test-method> <!-- tearDown -->
      </class> <!-- com.axess.ai.automation.testcases.DeviceAndModulesPageTest -->
    </test> <!-- Test Device And Module -->
    <test started-at="2021-12-14T19:56:06 IST" name="Test Templates" finished-at="2021-12-14T20:06:28 IST" duration-ms="621331">
      <class name="com.axess.ai.automation.testcases.TemplatesPageTest">
        <test-method is-config="true" signature="setup()[pri:0, instance:com.axess.ai.automation.testcases.TemplatesPageTest@22ff4249]" started-at="2021-12-14T19:56:06 IST" name="setup" finished-at="2021-12-14T19:56:15 IST" duration-ms="8044" status="PASS">
          <reporter-output>
          </reporter-output>
        </test-method> <!-- setup -->
        <test-method signature="validateTemplates()[pri:1, instance:com.axess.ai.automation.testcases.TemplatesPageTest@22ff4249]" started-at="2021-12-14T19:56:15 IST" name="validateTemplates" finished-at="2021-12-14T19:56:30 IST" duration-ms="15456" status="PASS">
          <reporter-output>
          </reporter-output>
        </test-method> <!-- validateTemplates -->
        <test-method signature="validateCurrentUrl()[pri:2, instance:com.axess.ai.automation.testcases.TemplatesPageTest@22ff4249]" started-at="2021-12-14T19:56:30 IST" name="validateCurrentUrl" finished-at="2021-12-14T19:56:33 IST" duration-ms="3033" status="PASS">
          <reporter-output>
          </reporter-output>
        </test-method> <!-- validateCurrentUrl -->
        <test-method signature="validatePageHeading()[pri:2, instance:com.axess.ai.automation.testcases.TemplatesPageTest@22ff4249]" started-at="2021-12-14T19:56:33 IST" name="validatePageHeading" finished-at="2021-12-14T19:56:36 IST" duration-ms="3076" status="PASS">
          <reporter-output>
          </reporter-output>
        </test-method> <!-- validatePageHeading -->
        <test-method signature="validateEventField()[pri:3, instance:com.axess.ai.automation.testcases.TemplatesPageTest@22ff4249]" started-at="2021-12-14T19:56:36 IST" name="validateEventField" finished-at="2021-12-14T19:57:42 IST" duration-ms="66023" status="PASS">
          <reporter-output>
          </reporter-output>
        </test-method> <!-- validateEventField -->
        <test-method signature="validateEventTemplate()[pri:4, instance:com.axess.ai.automation.testcases.TemplatesPageTest@22ff4249]" started-at="2021-12-14T19:57:42 IST" name="validateEventTemplate" finished-at="2021-12-14T19:58:53 IST" duration-ms="70704" status="PASS">
          <reporter-output>
          </reporter-output>
        </test-method> <!-- validateEventTemplate -->
        <test-method signature="validateSettingField()[pri:5, instance:com.axess.ai.automation.testcases.TemplatesPageTest@22ff4249]" started-at="2021-12-14T19:58:53 IST" name="validateSettingField" finished-at="2021-12-14T20:00:03 IST" duration-ms="70314" status="PASS">
          <reporter-output>
          </reporter-output>
        </test-method> <!-- validateSettingField -->
        <test-method signature="validateSettingTemplate()[pri:6, instance:com.axess.ai.automation.testcases.TemplatesPageTest@22ff4249]" started-at="2021-12-14T20:00:03 IST" name="validateSettingTemplate" finished-at="2021-12-14T20:01:11 IST" duration-ms="67957" status="PASS">
          <reporter-output>
          </reporter-output>
        </test-method> <!-- validateSettingTemplate -->
        <test-method signature="validateModuleTemplate()[pri:7, instance:com.axess.ai.automation.testcases.TemplatesPageTest@22ff4249]" started-at="2021-12-14T20:01:11 IST" name="validateModuleTemplate" finished-at="2021-12-14T20:02:19 IST" duration-ms="68242" status="PASS">
          <reporter-output>
          </reporter-output>
        </test-method> <!-- validateModuleTemplate -->
        <test-method signature="validateDeviceTemplate()[pri:8, instance:com.axess.ai.automation.testcases.TemplatesPageTest@22ff4249]" started-at="2021-12-14T20:02:19 IST" name="validateDeviceTemplate" finished-at="2021-12-14T20:02:33 IST" duration-ms="13233" status="FAIL">
          <exception class="org.openqa.selenium.NoSuchElementException">
            <message>
              <![CDATA[no such element: Unable to locate element: {"method":"xpath","selector":"//div[contains(text(),'Add Device Template')]"}
  (Session info: chrome=96.0.4664.45)
For documentation on this error, please visit: https://www.seleniumhq.org/exceptions/no_such_element.html
Build info: version: '3.141.59', revision: 'e82be7d358', time: '2018-11-14T08:25:53'
System info: host: 'DESKTOP-R70CA4D', ip: '192.168.0.106', os.name: 'Windows 10', os.arch: 'amd64', os.version: '10.0', java.version: '16.0.2'
Driver info: org.openqa.selenium.chrome.ChromeDriver
Capabilities {acceptInsecureCerts: false, browserName: chrome, browserVersion: 96.0.4664.45, chrome: {chromedriverVersion: 96.0.4664.45 (76e4c1bb2ab46..., userDataDir: C:\Users\yachna\AppData\Loc...}, goog:chromeOptions: {debuggerAddress: localhost:58234}, javascriptEnabled: true, networkConnectionEnabled: false, pageLoadStrategy: normal, platform: WINDOWS, platformName: WINDOWS, proxy: Proxy(), setWindowRect: true, strictFileInteractability: false, timeouts: {implicit: 0, pageLoad: 300000, script: 30000}, unhandledPromptBehavior: dismiss and notify, webauthn:extension:credBlob: true, webauthn:extension:largeBlob: true, webauthn:virtualAuthenticators: true}
Session ID: 6667186f0abaa552ae65ce15b28c44d6
*** Element info: {Using=xpath, value=//div[contains(text(),'Add Device Template')]}]]>
            </message>
            <full-stacktrace>
              <![CDATA[org.openqa.selenium.NoSuchElementException: no such element: Unable to locate element: {"method":"xpath","selector":"//div[contains(text(),'Add Device Template')]"}
  (Session info: chrome=96.0.4664.45)
For documentation on this error, please visit: https://www.seleniumhq.org/exceptions/no_such_element.html
Build info: version: '3.141.59', revision: 'e82be7d358', time: '2018-11-14T08:25:53'
System info: host: 'DESKTOP-R70CA4D', ip: '192.168.0.106', os.name: 'Windows 10', os.arch: 'amd64', os.version: '10.0', java.version: '16.0.2'
Driver info: org.openqa.selenium.chrome.ChromeDriver
Capabilities {acceptInsecureCerts: false, browserName: chrome, browserVersion: 96.0.4664.45, chrome: {chromedriverVersion: 96.0.4664.45 (76e4c1bb2ab46..., userDataDir: C:\Users\yachna\AppData\Loc...}, goog:chromeOptions: {debuggerAddress: localhost:58234}, javascriptEnabled: true, networkConnectionEnabled: false, pageLoadStrategy: normal, platform: WINDOWS, platformName: WINDOWS, proxy: Proxy(), setWindowRect: true, strictFileInteractability: false, timeouts: {implicit: 0, pageLoad: 300000, script: 30000}, unhandledPromptBehavior: dismiss and notify, webauthn:extension:credBlob: true, webauthn:extension:largeBlob: true, webauthn:virtualAuthenticators: true}
Session ID: 6667186f0abaa552ae65ce15b28c44d6
*** Element info: {Using=xpath, value=//div[contains(text(),'Add Device Template')]}
at java.base/jdk.internal.reflect.NativeConstructorAccessorImpl.newInstance0(Native Method)
at java.base/jdk.internal.reflect.NativeConstructorAccessorImpl.newInstance(NativeConstructorAccessorImpl.java:78)
at java.base/jdk.internal.reflect.DelegatingConstructorAccessorImpl.newInstance(DelegatingConstructorAccessorImpl.java:45)
at java.base/java.lang.reflect.Constructor.newInstanceWithCaller(Constructor.java:499)
at java.base/java.lang.reflect.Constructor.newInstance(Constructor.java:480)
at org.openqa.selenium.remote.http.W3CHttpResponseCodec.createException(W3CHttpResponseCodec.java:187)
at org.openqa.selenium.remote.http.W3CHttpResponseCodec.decode(W3CHttpResponseCodec.java:122)
at org.openqa.selenium.remote.http.W3CHttpResponseCodec.decode(W3CHttpResponseCodec.java:49)
at org.openqa.selenium.remote.HttpCommandExecutor.execute(HttpCommandExecutor.java:158)
at org.openqa.selenium.remote.service.DriverCommandExecutor.execute(DriverCommandExecutor.java:83)
at org.openqa.selenium.remote.RemoteWebDriver.execute(RemoteWebDriver.java:552)
at org.openqa.selenium.remote.RemoteWebDriver.findElement(RemoteWebDriver.java:323)
at org.openqa.selenium.remote.RemoteWebDriver.findElementByXPath(RemoteWebDriver.java:428)
at org.openqa.selenium.By$ByXPath.findElement(By.java:353)
at org.openqa.selenium.remote.RemoteWebDriver.findElement(RemoteWebDriver.java:315)
at org.openqa.selenium.support.pagefactory.DefaultElementLocator.findElement(DefaultElementLocator.java:69)
at org.openqa.selenium.support.pagefactory.internal.LocatingElementHandler.invoke(LocatingElementHandler.java:38)
at jdk.proxy2/jdk.proxy2.$Proxy10.click(Unknown Source)
at com.axess.ai.automation.page.objects.TemplatesPage.verifyDeviceTemplate(TemplatesPage.java:435)
at com.axess.ai.automation.testcases.TemplatesPageTest.validateDeviceTemplate(TemplatesPageTest.java:105)
at java.base/jdk.internal.reflect.NativeMethodAccessorImpl.invoke0(Native Method)
at java.base/jdk.internal.reflect.NativeMethodAccessorImpl.invoke(NativeMethodAccessorImpl.java:78)
at java.base/jdk.internal.reflect.DelegatingMethodAccessorImpl.invoke(DelegatingMethodAccessorImpl.java:43)
at java.base/java.lang.reflect.Method.invoke(Method.java:567)
at org.testng.internal.MethodInvocationHelper.invokeMethod(MethodInvocationHelper.java:133)
at org.testng.internal.TestInvoker.invokeMethod(TestInvoker.java:598)
at org.testng.internal.TestInvoker.invokeTestMethod(TestInvoker.java:173)
at org.testng.internal.MethodRunner.runInSequence(MethodRunner.java:46)
at org.testng.internal.TestInvoker$MethodInvocationAgent.invoke(TestInvoker.java:824)
at org.testng.internal.TestInvoker.invokeTestMethods(TestInvoker.java:146)
at org.testng.internal.TestMethodWorker.invokeTestMethods(TestMethodWorker.java:146)
at org.testng.internal.TestMethodWorker.run(TestMethodWorker.java:128)
at java.base/java.util.ArrayList.forEach(ArrayList.java:1511)
at org.testng.TestRunner.privateRun(TestRunner.java:794)
at org.testng.TestRunner.run(TestRunner.java:596)
at org.testng.SuiteRunner.runTest(SuiteRunner.java:377)
at org.testng.SuiteRunner.runSequentially(SuiteRunner.java:371)
at org.testng.SuiteRunner.privateRun(SuiteRunner.java:332)
at org.testng.SuiteRunner.run(SuiteRunner.java:276)
at org.testng.SuiteRunnerWorker.runSuite(SuiteRunnerWorker.java:53)
at org.testng.SuiteRunnerWorker.run(SuiteRunnerWorker.java:96)
at org.testng.TestNG.runSuitesSequentially(TestNG.java:1212)
at org.testng.TestNG.runSuitesLocally(TestNG.java:1134)
at org.testng.TestNG.runSuites(TestNG.java:1063)
at org.testng.TestNG.run(TestNG.java:1031)
at com.axess.ai.automation.testcases.RunTest.main(RunTest.java:36)
]]>
            </full-stacktrace>
          </exception> <!-- org.openqa.selenium.NoSuchElementException -->
          <reporter-output>
          </reporter-output>
        </test-method> <!-- validateDeviceTemplate -->
        <test-method signature="validateNetworkField()[pri:9, instance:com.axess.ai.automation.testcases.TemplatesPageTest@22ff4249]" started-at="2021-12-14T20:02:33 IST" name="validateNetworkField" finished-at="2021-12-14T20:03:38 IST" duration-ms="64960" status="PASS">
          <reporter-output>
          </reporter-output>
        </test-method> <!-- validateNetworkField -->
        <test-method signature="validatePanelTemplate()[pri:10, instance:com.axess.ai.automation.testcases.TemplatesPageTest@22ff4249]" started-at="2021-12-14T20:03:38 IST" name="validatePanelTemplate" finished-at="2021-12-14T20:04:38 IST" duration-ms="59565" status="PASS">
          <reporter-output>
          </reporter-output>
        </test-method> <!-- validatePanelTemplate -->
        <test-method signature="validateClusterTemplate()[pri:11, instance:com.axess.ai.automation.testcases.TemplatesPageTest@22ff4249]" started-at="2021-12-14T20:04:38 IST" name="validateClusterTemplate" finished-at="2021-12-14T20:05:37 IST" duration-ms="59418" status="PASS">
          <reporter-output>
          </reporter-output>
        </test-method> <!-- validateClusterTemplate -->
        <test-method signature="validateModuleType()[pri:11, instance:com.axess.ai.automation.testcases.TemplatesPageTest@22ff4249]" started-at="2021-12-14T20:05:37 IST" name="validateModuleType" finished-at="2021-12-14T20:06:28 IST" duration-ms="50460" status="PASS">
          <reporter-output>
          </reporter-output>
        </test-method> <!-- validateModuleType -->
        <test-method is-config="true" signature="tearDown()[pri:0, instance:com.axess.ai.automation.testcases.TemplatesPageTest@22ff4249]" started-at="2021-12-14T20:06:28 IST" name="tearDown" finished-at="2021-12-14T20:06:28 IST" duration-ms="266" status="PASS">
          <reporter-output>
          </reporter-output>
        </test-method> <!-- tearDown -->
      </class> <!-- com.axess.ai.automation.testcases.TemplatesPageTest -->
    </test> <!-- Test Templates -->
    <test started-at="2021-12-14T20:06:28 IST" name="Test Entities" finished-at="2021-12-14T20:06:54 IST" duration-ms="25897">
      <class name="com.axess.ai.automation.testcases.EntitiesPageTest">
        <test-method is-config="true" signature="setup()[pri:0, instance:com.axess.ai.automation.testcases.EntitiesPageTest@5542c4ed]" started-at="2021-12-14T20:06:28 IST" name="setup" finished-at="2021-12-14T20:06:36 IST" duration-ms="8366" status="PASS">
          <reporter-output>
          </reporter-output>
        </test-method> <!-- setup -->
        <test-method signature="validateEntities()[pri:1, instance:com.axess.ai.automation.testcases.EntitiesPageTest@5542c4ed]" started-at="2021-12-14T20:06:36 IST" name="validateEntities" finished-at="2021-12-14T20:06:51 IST" duration-ms="15245" status="PASS">
          <reporter-output>
          </reporter-output>
        </test-method> <!-- validateEntities -->
        <test-method signature="validateCurrentUrl()[pri:2, instance:com.axess.ai.automation.testcases.EntitiesPageTest@5542c4ed]" started-at="2021-12-14T20:06:51 IST" name="validateCurrentUrl" finished-at="2021-12-14T20:06:52 IST" duration-ms="1025" status="PASS">
          <reporter-output>
          </reporter-output>
        </test-method> <!-- validateCurrentUrl -->
        <test-method signature="validatePageHeading()[pri:2, instance:com.axess.ai.automation.testcases.EntitiesPageTest@5542c4ed]" started-at="2021-12-14T20:06:52 IST" name="validatePageHeading" finished-at="2021-12-14T20:06:54 IST" duration-ms="1058" status="PASS">
          <reporter-output>
          </reporter-output>
        </test-method> <!-- validatePageHeading -->
        <test-method is-config="true" signature="tearDown()[pri:0, instance:com.axess.ai.automation.testcases.EntitiesPageTest@5542c4ed]" started-at="2021-12-14T20:06:54 IST" name="tearDown" finished-at="2021-12-14T20:06:54 IST" duration-ms="201" status="PASS">
          <reporter-output>
          </reporter-output>
        </test-method> <!-- tearDown -->
      </class> <!-- com.axess.ai.automation.testcases.EntitiesPageTest -->
    </test> <!-- Test Entities -->
    <test started-at="2021-12-14T20:06:54 IST" name="Test Access Control" finished-at="2021-12-14T20:07:10 IST" duration-ms="16103">
      <class name="com.axess.ai.automation.testcases.AccessControlPageTest">
        <test-method is-config="true" signature="setup()[pri:0, instance:com.axess.ai.automation.testcases.AccessControlPageTest@dd05255]" started-at="2021-12-14T20:06:54 IST" name="setup" finished-at="2021-12-14T20:07:02 IST" duration-ms="8257" status="PASS">
          <reporter-output>
          </reporter-output>
        </test-method> <!-- setup -->
        <test-method signature="validateClickOnSystemUserModule()[pri:1, instance:com.axess.ai.automation.testcases.AccessControlPageTest@dd05255]" started-at="2021-12-14T20:07:02 IST" name="validateClickOnSystemUserModule" finished-at="2021-12-14T20:07:05 IST" duration-ms="3504" status="PASS">
          <reporter-output>
          </reporter-output>
        </test-method> <!-- validateClickOnSystemUserModule -->
        <test-method signature="validatePageHeading()[pri:2, instance:com.axess.ai.automation.testcases.AccessControlPageTest@dd05255]" started-at="2021-12-14T20:07:05 IST" name="validatePageHeading" finished-at="2021-12-14T20:07:08 IST" duration-ms="2084" status="PASS">
          <reporter-output>
          </reporter-output>
        </test-method> <!-- validatePageHeading -->
        <test-method signature="validatePageUrl()[pri:2, instance:com.axess.ai.automation.testcases.AccessControlPageTest@dd05255]" started-at="2021-12-14T20:07:08 IST" name="validatePageUrl" finished-at="2021-12-14T20:07:10 IST" duration-ms="2020" status="PASS">
          <reporter-output>
          </reporter-output>
        </test-method> <!-- validatePageUrl -->
        <test-method is-config="true" signature="tearDown()[pri:0, instance:com.axess.ai.automation.testcases.AccessControlPageTest@dd05255]" started-at="2021-12-14T20:07:10 IST" name="tearDown" finished-at="2021-12-14T20:07:10 IST" duration-ms="236" status="PASS">
          <reporter-output>
          </reporter-output>
        </test-method> <!-- tearDown -->
      </class> <!-- com.axess.ai.automation.testcases.AccessControlPageTest -->
    </test> <!-- Test Access Control -->
  </suite> <!-- Suite -->
</testng-results>
